{"C:\\Users\\fptsh\\OneDrive\\Máy tính\\KCPM\\KCPM-2026\\backend\\src\\app.js": {"path":"C:\\Users\\fptsh\\OneDrive\\Máy tính\\KCPM\\KCPM-2026\\backend\\src\\app.js","statementMap":{"0":{"start":{"line":1,"column":16},"end":{"line":1,"column":34}},"1":{"start":{"line":2,"column":13},"end":{"line":2,"column":28}},"2":{"start":{"line":3,"column":15},"end":{"line":3,"column":32}},"3":{"start":{"line":4,"column":13},"end":{"line":4,"column":28}},"4":{"start":{"line":5,"column":18},"end":{"line":5,"column":47}},"5":{"start":{"line":6,"column":20},"end":{"line":6,"column":45}},"6":{"start":{"line":8,"column":0},"end":{"line":8,"column":60}},"7":{"start":{"line":10,"column":12},"end":{"line":10,"column":21}},"8":{"start":{"line":12,"column":20},"end":{"line":12,"column":64}},"9":{"start":{"line":13,"column":17},"end":{"line":13,"column":58}},"10":{"start":{"line":14,"column":19},"end":{"line":14,"column":62}},"11":{"start":{"line":15,"column":16},"end":{"line":15,"column":56}},"12":{"start":{"line":18,"column":0},"end":{"line":18,"column":48}},"13":{"start":{"line":19,"column":0},"end":{"line":19,"column":75}},"14":{"start":{"line":22,"column":0},"end":{"line":22,"column":167}},"15":{"start":{"line":22,"column":90},"end":{"line":22,"column":160}},"16":{"start":{"line":23,"column":0},"end":{"line":25,"column":3}},"17":{"start":{"line":24,"column":4},"end":{"line":24,"column":51}},"18":{"start":{"line":28,"column":0},"end":{"line":31,"column":4}},"19":{"start":{"line":33,"column":0},"end":{"line":36,"column":3}},"20":{"start":{"line":34,"column":4},"end":{"line":34,"column":54}},"21":{"start":{"line":35,"column":4},"end":{"line":35,"column":26}},"22":{"start":{"line":38,"column":0},"end":{"line":38,"column":169}},"23":{"start":{"line":38,"column":92},"end":{"line":38,"column":162}},"24":{"start":{"line":39,"column":0},"end":{"line":41,"column":3}},"25":{"start":{"line":40,"column":4},"end":{"line":40,"column":52}},"26":{"start":{"line":42,"column":0},"end":{"line":44,"column":3}},"27":{"start":{"line":43,"column":4},"end":{"line":43,"column":52}},"28":{"start":{"line":47,"column":0},"end":{"line":47,"column":16}},"29":{"start":{"line":48,"column":0},"end":{"line":48,"column":24}},"30":{"start":{"line":49,"column":0},"end":{"line":49,"column":48}},"31":{"start":{"line":52,"column":19},"end":{"line":52,"column":49}},"32":{"start":{"line":53,"column":19},"end":{"line":53,"column":49}},"33":{"start":{"line":54,"column":22},"end":{"line":54,"column":55}},"34":{"start":{"line":55,"column":23},"end":{"line":55,"column":57}},"35":{"start":{"line":56,"column":21},"end":{"line":56,"column":53}},"36":{"start":{"line":57,"column":26},"end":{"line":57,"column":63}},"37":{"start":{"line":58,"column":20},"end":{"line":58,"column":51}},"38":{"start":{"line":59,"column":20},"end":{"line":59,"column":51}},"39":{"start":{"line":60,"column":21},"end":{"line":60,"column":53}},"40":{"start":{"line":61,"column":20},"end":{"line":61,"column":51}},"41":{"start":{"line":62,"column":19},"end":{"line":62,"column":49}},"42":{"start":{"line":63,"column":20},"end":{"line":63,"column":51}},"43":{"start":{"line":65,"column":0},"end":{"line":65,"column":33}},"44":{"start":{"line":66,"column":0},"end":{"line":66,"column":34}},"45":{"start":{"line":67,"column":0},"end":{"line":67,"column":40}},"46":{"start":{"line":68,"column":0},"end":{"line":68,"column":43}},"47":{"start":{"line":69,"column":0},"end":{"line":69,"column":37}},"48":{"start":{"line":70,"column":0},"end":{"line":70,"column":48}},"49":{"start":{"line":71,"column":0},"end":{"line":71,"column":36}},"50":{"start":{"line":72,"column":0},"end":{"line":72,"column":36}},"51":{"start":{"line":73,"column":0},"end":{"line":73,"column":38}},"52":{"start":{"line":74,"column":0},"end":{"line":74,"column":36}},"53":{"start":{"line":75,"column":0},"end":{"line":75,"column":34}},"54":{"start":{"line":76,"column":0},"end":{"line":76,"column":35}},"55":{"start":{"line":79,"column":0},"end":{"line":79,"column":162}},"56":{"start":{"line":79,"column":85},"end":{"line":79,"column":155}},"57":{"start":{"line":80,"column":0},"end":{"line":80,"column":175}},"58":{"start":{"line":80,"column":98},"end":{"line":80,"column":168}},"59":{"start":{"line":83,"column":0},"end":{"line":85,"column":3}},"60":{"start":{"line":84,"column":4},"end":{"line":84,"column":55}},"61":{"start":{"line":87,"column":0},"end":{"line":89,"column":3}},"62":{"start":{"line":88,"column":4},"end":{"line":88,"column":55}},"63":{"start":{"line":92,"column":0},"end":{"line":99,"column":3}},"64":{"start":{"line":93,"column":23},"end":{"line":93,"column":44}},"65":{"start":{"line":94,"column":4},"end":{"line":98,"column":7}},"66":{"start":{"line":101,"column":0},"end":{"line":101,"column":21}}},"fnMap":{"0":{"name":"(anonymous_0)","decl":{"start":{"line":22,"column":79},"end":{"line":22,"column":80}},"loc":{"start":{"line":22,"column":88},"end":{"line":22,"column":162}},"line":22},"1":{"name":"(anonymous_1)","decl":{"start":{"line":23,"column":17},"end":{"line":23,"column":18}},"loc":{"start":{"line":23,"column":31},"end":{"line":25,"column":1}},"line":23},"2":{"name":"(anonymous_2)","decl":{"start":{"line":33,"column":26},"end":{"line":33,"column":27}},"loc":{"start":{"line":33,"column":40},"end":{"line":36,"column":1}},"line":33},"3":{"name":"(anonymous_3)","decl":{"start":{"line":38,"column":81},"end":{"line":38,"column":82}},"loc":{"start":{"line":38,"column":90},"end":{"line":38,"column":164}},"line":38},"4":{"name":"(anonymous_4)","decl":{"start":{"line":39,"column":18},"end":{"line":39,"column":19}},"loc":{"start":{"line":39,"column":32},"end":{"line":41,"column":1}},"line":39},"5":{"name":"(anonymous_5)","decl":{"start":{"line":42,"column":20},"end":{"line":42,"column":21}},"loc":{"start":{"line":42,"column":34},"end":{"line":44,"column":1}},"line":42},"6":{"name":"(anonymous_6)","decl":{"start":{"line":79,"column":74},"end":{"line":79,"column":75}},"loc":{"start":{"line":79,"column":83},"end":{"line":79,"column":157}},"line":79},"7":{"name":"(anonymous_7)","decl":{"start":{"line":80,"column":87},"end":{"line":80,"column":88}},"loc":{"start":{"line":80,"column":96},"end":{"line":80,"column":170}},"line":80},"8":{"name":"(anonymous_8)","decl":{"start":{"line":83,"column":13},"end":{"line":83,"column":14}},"loc":{"start":{"line":83,"column":27},"end":{"line":85,"column":1}},"line":83},"9":{"name":"(anonymous_9)","decl":{"start":{"line":87,"column":21},"end":{"line":87,"column":22}},"loc":{"start":{"line":87,"column":35},"end":{"line":89,"column":1}},"line":87},"10":{"name":"(anonymous_10)","decl":{"start":{"line":92,"column":8},"end":{"line":92,"column":9}},"loc":{"start":{"line":92,"column":33},"end":{"line":99,"column":1}},"line":92}},"branchMap":{"0":{"loc":{"start":{"line":93,"column":23},"end":{"line":93,"column":44}},"type":"binary-expr","locations":[{"start":{"line":93,"column":23},"end":{"line":93,"column":37}},{"start":{"line":93,"column":41},"end":{"line":93,"column":44}}],"line":93}},"s":{"0":2,"1":2,"2":2,"3":2,"4":2,"5":2,"6":2,"7":2,"8":2,"9":2,"10":2,"11":2,"12":2,"13":2,"14":2,"15":0,"16":2,"17":0,"18":2,"19":2,"20":0,"21":0,"22":2,"23":0,"24":2,"25":0,"26":2,"27":0,"28":2,"29":2,"30":2,"31":2,"32":2,"33":2,"34":2,"35":2,"36":2,"37":2,"38":2,"39":2,"40":2,"41":2,"42":2,"43":2,"44":2,"45":2,"46":2,"47":2,"48":2,"49":2,"50":2,"51":2,"52":2,"53":2,"54":2,"55":2,"56":0,"57":2,"58":0,"59":2,"60":0,"61":2,"62":0,"63":2,"64":0,"65":0,"66":2},"f":{"0":0,"1":0,"2":0,"3":0,"4":0,"5":0,"6":0,"7":0,"8":0,"9":0,"10":0},"b":{"0":[0,0]},"_coverageSchema":"1a1c01bbd47fc00a2c39e90264f33305004495a9","hash":"9e4a841996602ff05053ed67d83dcfaaa4ab5d50"}
,"C:\\Users\\fptsh\\OneDrive\\Máy tính\\KCPM\\KCPM-2026\\backend\\src\\controllers\\authController.js": {"path":"C:\\Users\\fptsh\\OneDrive\\Máy tính\\KCPM\\KCPM-2026\\backend\\src\\controllers\\authController.js","statementMap":{"0":{"start":{"line":1,"column":15},"end":{"line":1,"column":34}},"1":{"start":{"line":2,"column":12},"end":{"line":2,"column":35}},"2":{"start":{"line":3,"column":17},"end":{"line":3,"column":37}},"3":{"start":{"line":4,"column":15},"end":{"line":4,"column":35}},"4":{"start":{"line":5,"column":0},"end":{"line":5,"column":27}},"5":{"start":{"line":7,"column":0},"end":{"line":51,"column":2}},"6":{"start":{"line":8,"column":4},"end":{"line":50,"column":5}},"7":{"start":{"line":9,"column":63},"end":{"line":9,"column":71}},"8":{"start":{"line":11,"column":27},"end":{"line":15,"column":10}},"9":{"start":{"line":17,"column":8},"end":{"line":22,"column":9}},"10":{"start":{"line":18,"column":28},"end":{"line":20,"column":49}},"11":{"start":{"line":21,"column":12},"end":{"line":21,"column":53}},"12":{"start":{"line":24,"column":21},"end":{"line":24,"column":45}},"13":{"start":{"line":25,"column":31},"end":{"line":25,"column":64}},"14":{"start":{"line":27,"column":21},"end":{"line":33,"column":10}},"15":{"start":{"line":35,"column":8},"end":{"line":43,"column":11}},"16":{"start":{"line":46,"column":8},"end":{"line":49,"column":11}},"17":{"start":{"line":53,"column":0},"end":{"line":104,"column":2}},"18":{"start":{"line":54,"column":4},"end":{"line":103,"column":5}},"19":{"start":{"line":55,"column":38},"end":{"line":55,"column":46}},"20":{"start":{"line":57,"column":8},"end":{"line":59,"column":9}},"21":{"start":{"line":58,"column":12},"end":{"line":58,"column":88}},"22":{"start":{"line":61,"column":21},"end":{"line":69,"column":10}},"23":{"start":{"line":71,"column":8},"end":{"line":73,"column":9}},"24":{"start":{"line":72,"column":12},"end":{"line":72,"column":81}},"25":{"start":{"line":75,"column":24},"end":{"line":75,"column":69}},"26":{"start":{"line":76,"column":8},"end":{"line":78,"column":9}},"27":{"start":{"line":77,"column":12},"end":{"line":77,"column":82}},"28":{"start":{"line":80,"column":22},"end":{"line":84,"column":9}},"29":{"start":{"line":86,"column":8},"end":{"line":96,"column":11}},"30":{"start":{"line":99,"column":8},"end":{"line":102,"column":11}}},"fnMap":{"0":{"name":"(anonymous_0)","decl":{"start":{"line":7,"column":19},"end":{"line":7,"column":20}},"loc":{"start":{"line":7,"column":39},"end":{"line":51,"column":1}},"line":7},"1":{"name":"(anonymous_1)","decl":{"start":{"line":53,"column":16},"end":{"line":53,"column":17}},"loc":{"start":{"line":53,"column":36},"end":{"line":104,"column":1}},"line":53}},"branchMap":{"0":{"loc":{"start":{"line":17,"column":8},"end":{"line":22,"column":9}},"type":"if","locations":[{"start":{"line":17,"column":8},"end":{"line":22,"column":9}},{"start":{},"end":{}}],"line":17},"1":{"loc":{"start":{"line":18,"column":28},"end":{"line":20,"column":49}},"type":"cond-expr","locations":[{"start":{"line":19,"column":18},"end":{"line":19,"column":54}},{"start":{"line":20,"column":18},"end":{"line":20,"column":49}}],"line":18},"2":{"loc":{"start":{"line":57,"column":8},"end":{"line":59,"column":9}},"type":"if","locations":[{"start":{"line":57,"column":8},"end":{"line":59,"column":9}},{"start":{},"end":{}}],"line":57},"3":{"loc":{"start":{"line":57,"column":12},"end":{"line":57,"column":33}},"type":"binary-expr","locations":[{"start":{"line":57,"column":12},"end":{"line":57,"column":20}},{"start":{"line":57,"column":24},"end":{"line":57,"column":33}}],"line":57},"4":{"loc":{"start":{"line":71,"column":8},"end":{"line":73,"column":9}},"type":"if","locations":[{"start":{"line":71,"column":8},"end":{"line":73,"column":9}},{"start":{},"end":{}}],"line":71},"5":{"loc":{"start":{"line":76,"column":8},"end":{"line":78,"column":9}},"type":"if","locations":[{"start":{"line":76,"column":8},"end":{"line":78,"column":9}},{"start":{},"end":{}}],"line":76},"6":{"loc":{"start":{"line":82,"column":12},"end":{"line":82,"column":50}},"type":"binary-expr","locations":[{"start":{"line":82,"column":12},"end":{"line":82,"column":34}},{"start":{"line":82,"column":38},"end":{"line":82,"column":50}}],"line":82}},"s":{"0":2,"1":2,"2":2,"3":2,"4":2,"5":2,"6":4,"7":4,"8":4,"9":3,"10":2,"11":2,"12":1,"13":1,"14":1,"15":1,"16":1,"17":2,"18":7,"19":7,"20":7,"21":2,"22":5,"23":4,"24":1,"25":3,"26":3,"27":1,"28":2,"29":2,"30":1},"f":{"0":4,"1":7},"b":{"0":[2,1],"1":[1,1],"2":[2,5],"3":[7,6],"4":[1,3],"5":[1,2],"6":[2,1]},"_coverageSchema":"1a1c01bbd47fc00a2c39e90264f33305004495a9","hash":"0fef18f5b6bb1864078825fb92ff8033f1a1bfdb"}
,"C:\\Users\\fptsh\\OneDrive\\Máy tính\\KCPM\\KCPM-2026\\backend\\src\\controllers\\categoryController.js": {"path":"C:\\Users\\fptsh\\OneDrive\\Máy tính\\KCPM\\KCPM-2026\\backend\\src\\controllers\\categoryController.js","statementMap":{"0":{"start":{"line":1,"column":30},"end":{"line":1,"column":50}},"1":{"start":{"line":2,"column":15},"end":{"line":2,"column":35}},"2":{"start":{"line":4,"column":0},"end":{"line":40,"column":2}},"3":{"start":{"line":5,"column":4},"end":{"line":39,"column":5}},"4":{"start":{"line":6,"column":27},"end":{"line":6,"column":36}},"5":{"start":{"line":7,"column":20},"end":{"line":7,"column":22}},"6":{"start":{"line":9,"column":8},"end":{"line":16,"column":9}},"7":{"start":{"line":10,"column":12},"end":{"line":15,"column":14}},"8":{"start":{"line":18,"column":27},"end":{"line":25,"column":10}},"9":{"start":{"line":28,"column":23},"end":{"line":33,"column":10}},"10":{"start":{"line":29,"column":25},"end":{"line":29,"column":37}},"11":{"start":{"line":30,"column":12},"end":{"line":30,"column":73}},"12":{"start":{"line":31,"column":12},"end":{"line":31,"column":33}},"13":{"start":{"line":32,"column":12},"end":{"line":32,"column":24}},"14":{"start":{"line":35,"column":8},"end":{"line":35,"column":25}},"15":{"start":{"line":37,"column":8},"end":{"line":37,"column":58}},"16":{"start":{"line":38,"column":8},"end":{"line":38,"column":57}},"17":{"start":{"line":42,"column":0},"end":{"line":51,"column":2}},"18":{"start":{"line":43,"column":4},"end":{"line":50,"column":5}},"19":{"start":{"line":44,"column":25},"end":{"line":44,"column":63}},"20":{"start":{"line":45,"column":8},"end":{"line":45,"column":77}},"21":{"start":{"line":45,"column":23},"end":{"line":45,"column":77}},"22":{"start":{"line":46,"column":8},"end":{"line":46,"column":27}},"23":{"start":{"line":48,"column":8},"end":{"line":48,"column":58}},"24":{"start":{"line":49,"column":8},"end":{"line":49,"column":57}},"25":{"start":{"line":53,"column":0},"end":{"line":60,"column":2}},"26":{"start":{"line":54,"column":4},"end":{"line":59,"column":5}},"27":{"start":{"line":55,"column":25},"end":{"line":55,"column":56}},"28":{"start":{"line":56,"column":8},"end":{"line":56,"column":39}},"29":{"start":{"line":58,"column":8},"end":{"line":58,"column":57}},"30":{"start":{"line":62,"column":0},"end":{"line":73,"column":2}},"31":{"start":{"line":63,"column":4},"end":{"line":72,"column":5}},"32":{"start":{"line":64,"column":26},"end":{"line":66,"column":10}},"33":{"start":{"line":67,"column":8},"end":{"line":67,"column":76}},"34":{"start":{"line":67,"column":22},"end":{"line":67,"column":76}},"35":{"start":{"line":68,"column":32},"end":{"line":68,"column":70}},"36":{"start":{"line":69,"column":8},"end":{"line":69,"column":34}},"37":{"start":{"line":71,"column":8},"end":{"line":71,"column":57}},"38":{"start":{"line":75,"column":0},"end":{"line":86,"column":2}},"39":{"start":{"line":76,"column":4},"end":{"line":85,"column":5}},"40":{"start":{"line":77,"column":24},"end":{"line":79,"column":10}},"41":{"start":{"line":80,"column":8},"end":{"line":80,"column":76}},"42":{"start":{"line":80,"column":22},"end":{"line":80,"column":76}},"43":{"start":{"line":81,"column":8},"end":{"line":81,"column":31}},"44":{"start":{"line":83,"column":8},"end":{"line":83,"column":58}},"45":{"start":{"line":84,"column":8},"end":{"line":84,"column":57}}},"fnMap":{"0":{"name":"(anonymous_0)","decl":{"start":{"line":4,"column":27},"end":{"line":4,"column":28}},"loc":{"start":{"line":4,"column":47},"end":{"line":40,"column":1}},"line":4},"1":{"name":"(anonymous_1)","decl":{"start":{"line":28,"column":38},"end":{"line":28,"column":39}},"loc":{"start":{"line":28,"column":45},"end":{"line":33,"column":9}},"line":28},"2":{"name":"(anonymous_2)","decl":{"start":{"line":42,"column":26},"end":{"line":42,"column":27}},"loc":{"start":{"line":42,"column":46},"end":{"line":51,"column":1}},"line":42},"3":{"name":"(anonymous_3)","decl":{"start":{"line":53,"column":25},"end":{"line":53,"column":26}},"loc":{"start":{"line":53,"column":45},"end":{"line":60,"column":1}},"line":53},"4":{"name":"(anonymous_4)","decl":{"start":{"line":62,"column":25},"end":{"line":62,"column":26}},"loc":{"start":{"line":62,"column":45},"end":{"line":73,"column":1}},"line":62},"5":{"name":"(anonymous_5)","decl":{"start":{"line":75,"column":25},"end":{"line":75,"column":26}},"loc":{"start":{"line":75,"column":45},"end":{"line":86,"column":1}},"line":75}},"branchMap":{"0":{"loc":{"start":{"line":9,"column":8},"end":{"line":16,"column":9}},"type":"if","locations":[{"start":{"line":9,"column":8},"end":{"line":16,"column":9}},{"start":{},"end":{}}],"line":9},"1":{"loc":{"start":{"line":30,"column":32},"end":{"line":30,"column":72}},"type":"cond-expr","locations":[{"start":{"line":30,"column":48},"end":{"line":30,"column":68}},{"start":{"line":30,"column":71},"end":{"line":30,"column":72}}],"line":30},"2":{"loc":{"start":{"line":45,"column":8},"end":{"line":45,"column":77}},"type":"if","locations":[{"start":{"line":45,"column":8},"end":{"line":45,"column":77}},{"start":{},"end":{}}],"line":45},"3":{"loc":{"start":{"line":67,"column":8},"end":{"line":67,"column":76}},"type":"if","locations":[{"start":{"line":67,"column":8},"end":{"line":67,"column":76}},{"start":{},"end":{}}],"line":67},"4":{"loc":{"start":{"line":80,"column":8},"end":{"line":80,"column":76}},"type":"if","locations":[{"start":{"line":80,"column":8},"end":{"line":80,"column":76}},{"start":{},"end":{}}],"line":80}},"s":{"0":2,"1":2,"2":2,"3":0,"4":0,"5":0,"6":0,"7":0,"8":0,"9":0,"10":0,"11":0,"12":0,"13":0,"14":0,"15":0,"16":0,"17":2,"18":0,"19":0,"20":0,"21":0,"22":0,"23":0,"24":0,"25":2,"26":0,"27":0,"28":0,"29":0,"30":2,"31":0,"32":0,"33":0,"34":0,"35":0,"36":0,"37":0,"38":2,"39":0,"40":0,"41":0,"42":0,"43":0,"44":0,"45":0},"f":{"0":0,"1":0,"2":0,"3":0,"4":0,"5":0},"b":{"0":[0,0],"1":[0,0],"2":[0,0],"3":[0,0],"4":[0,0]},"_coverageSchema":"1a1c01bbd47fc00a2c39e90264f33305004495a9","hash":"6ddbb42e49d39e3084019b91e6e5b52a48c06534"}
,"C:\\Users\\fptsh\\OneDrive\\Máy tính\\KCPM\\KCPM-2026\\backend\\src\\controllers\\orderController.js": {"path":"C:\\Users\\fptsh\\OneDrive\\Máy tính\\KCPM\\KCPM-2026\\backend\\src\\controllers\\orderController.js","statementMap":{"0":{"start":{"line":1,"column":85},"end":{"line":1,"column":105}},"1":{"start":{"line":3,"column":0},"end":{"line":100,"column":2}},"2":{"start":{"line":4,"column":14},"end":{"line":4,"column":43}},"3":{"start":{"line":5,"column":4},"end":{"line":99,"column":5}},"4":{"start":{"line":6,"column":55},"end":{"line":6,"column":63}},"5":{"start":{"line":8,"column":24},"end":{"line":8,"column":75}},"6":{"start":{"line":10,"column":8},"end":{"line":10,"column":85}},"7":{"start":{"line":12,"column":8},"end":{"line":14,"column":9}},"8":{"start":{"line":13,"column":12},"end":{"line":13,"column":92}},"9":{"start":{"line":16,"column":25},"end":{"line":16,"column":26}},"10":{"start":{"line":17,"column":31},"end":{"line":17,"column":33}},"11":{"start":{"line":19,"column":8},"end":{"line":34,"column":9}},"12":{"start":{"line":20,"column":28},"end":{"line":20,"column":67}},"13":{"start":{"line":21,"column":12},"end":{"line":23,"column":13}},"14":{"start":{"line":22,"column":16},"end":{"line":22,"column":84}},"15":{"start":{"line":24,"column":30},"end":{"line":24,"column":59}},"16":{"start":{"line":25,"column":12},"end":{"line":25,"column":36}},"17":{"start":{"line":27,"column":12},"end":{"line":33,"column":15}},"18":{"start":{"line":37,"column":29},"end":{"line":37,"column":30}},"19":{"start":{"line":38,"column":28},"end":{"line":38,"column":54}},"20":{"start":{"line":40,"column":8},"end":{"line":53,"column":9}},"21":{"start":{"line":41,"column":25},"end":{"line":41,"column":53}},"22":{"start":{"line":42,"column":12},"end":{"line":42,"column":113}},"23":{"start":{"line":44,"column":12},"end":{"line":52,"column":13}},"24":{"start":{"line":45,"column":16},"end":{"line":45,"column":45}},"25":{"start":{"line":47,"column":34},"end":{"line":47,"column":59}},"26":{"start":{"line":48,"column":16},"end":{"line":48,"column":77}},"27":{"start":{"line":49,"column":16},"end":{"line":49,"column":92}},"28":{"start":{"line":50,"column":19},"end":{"line":52,"column":13}},"29":{"start":{"line":51,"column":16},"end":{"line":51,"column":106}},"30":{"start":{"line":55,"column":27},"end":{"line":55,"column":67}},"31":{"start":{"line":56,"column":8},"end":{"line":56,"column":92}},"32":{"start":{"line":58,"column":22},"end":{"line":67,"column":30}},"33":{"start":{"line":69,"column":33},"end":{"line":72,"column":11}},"34":{"start":{"line":69,"column":61},"end":{"line":72,"column":9}},"35":{"start":{"line":73,"column":8},"end":{"line":73,"column":73}},"36":{"start":{"line":75,"column":8},"end":{"line":80,"column":9}},"37":{"start":{"line":76,"column":12},"end":{"line":79,"column":14}},"38":{"start":{"line":82,"column":8},"end":{"line":82,"column":25}},"39":{"start":{"line":84,"column":29},"end":{"line":88,"column":10}},"40":{"start":{"line":90,"column":8},"end":{"line":93,"column":11}},"41":{"start":{"line":96,"column":8},"end":{"line":96,"column":27}},"42":{"start":{"line":97,"column":8},"end":{"line":97,"column":52}},"43":{"start":{"line":98,"column":8},"end":{"line":98,"column":57}},"44":{"start":{"line":102,"column":0},"end":{"line":127,"column":2}},"45":{"start":{"line":103,"column":4},"end":{"line":126,"column":5}},"46":{"start":{"line":104,"column":42},"end":{"line":104,"column":51}},"47":{"start":{"line":105,"column":28},"end":{"line":105,"column":30}},"48":{"start":{"line":106,"column":8},"end":{"line":106,"column":48}},"49":{"start":{"line":106,"column":20},"end":{"line":106,"column":48}},"50":{"start":{"line":107,"column":8},"end":{"line":107,"column":69}},"51":{"start":{"line":107,"column":27},"end":{"line":107,"column":69}},"52":{"start":{"line":109,"column":23},"end":{"line":121,"column":10}},"53":{"start":{"line":122,"column":8},"end":{"line":122,"column":25}},"54":{"start":{"line":124,"column":8},"end":{"line":124,"column":54}},"55":{"start":{"line":125,"column":8},"end":{"line":125,"column":20}},"56":{"start":{"line":129,"column":0},"end":{"line":152,"column":2}},"57":{"start":{"line":130,"column":4},"end":{"line":151,"column":5}},"58":{"start":{"line":131,"column":23},"end":{"line":131,"column":33}},"59":{"start":{"line":132,"column":22},"end":{"line":142,"column":10}},"60":{"start":{"line":144,"column":8},"end":{"line":146,"column":9}},"61":{"start":{"line":145,"column":12},"end":{"line":145,"column":80}},"62":{"start":{"line":147,"column":8},"end":{"line":147,"column":24}},"63":{"start":{"line":149,"column":8},"end":{"line":149,"column":55}},"64":{"start":{"line":150,"column":8},"end":{"line":150,"column":20}},"65":{"start":{"line":154,"column":0},"end":{"line":170,"column":2}},"66":{"start":{"line":155,"column":4},"end":{"line":169,"column":5}},"67":{"start":{"line":156,"column":23},"end":{"line":156,"column":33}},"68":{"start":{"line":157,"column":27},"end":{"line":157,"column":35}},"69":{"start":{"line":159,"column":22},"end":{"line":159,"column":46}},"70":{"start":{"line":160,"column":8},"end":{"line":162,"column":9}},"71":{"start":{"line":161,"column":12},"end":{"line":161,"column":80}},"72":{"start":{"line":164,"column":8},"end":{"line":164,"column":39}},"73":{"start":{"line":165,"column":8},"end":{"line":165,"column":77}},"74":{"start":{"line":167,"column":8},"end":{"line":167,"column":59}},"75":{"start":{"line":168,"column":8},"end":{"line":168,"column":20}},"76":{"start":{"line":172,"column":0},"end":{"line":186,"column":2}},"77":{"start":{"line":173,"column":4},"end":{"line":185,"column":5}},"78":{"start":{"line":174,"column":23},"end":{"line":174,"column":33}},"79":{"start":{"line":175,"column":22},"end":{"line":175,"column":46}},"80":{"start":{"line":176,"column":8},"end":{"line":178,"column":9}},"81":{"start":{"line":177,"column":12},"end":{"line":177,"column":80}},"82":{"start":{"line":180,"column":8},"end":{"line":180,"column":30}},"83":{"start":{"line":181,"column":8},"end":{"line":181,"column":57}},"84":{"start":{"line":183,"column":8},"end":{"line":183,"column":52}},"85":{"start":{"line":184,"column":8},"end":{"line":184,"column":20}},"86":{"start":{"line":188,"column":0},"end":{"line":216,"column":2}},"87":{"start":{"line":189,"column":4},"end":{"line":215,"column":5}},"88":{"start":{"line":190,"column":28},"end":{"line":190,"column":38}},"89":{"start":{"line":192,"column":23},"end":{"line":205,"column":10}},"90":{"start":{"line":207,"column":8},"end":{"line":209,"column":9}},"91":{"start":{"line":208,"column":12},"end":{"line":208,"column":32}},"92":{"start":{"line":211,"column":8},"end":{"line":211,"column":25}},"93":{"start":{"line":213,"column":8},"end":{"line":213,"column":66}},"94":{"start":{"line":214,"column":8},"end":{"line":214,"column":20}},"95":{"start":{"line":218,"column":0},"end":{"line":279,"column":2}},"96":{"start":{"line":219,"column":14},"end":{"line":219,"column":43}},"97":{"start":{"line":220,"column":4},"end":{"line":278,"column":5}},"98":{"start":{"line":221,"column":28},"end":{"line":221,"column":38}},"99":{"start":{"line":222,"column":34},"end":{"line":222,"column":42}},"100":{"start":{"line":224,"column":23},"end":{"line":229,"column":10}},"101":{"start":{"line":231,"column":8},"end":{"line":233,"column":9}},"102":{"start":{"line":232,"column":12},"end":{"line":232,"column":95}},"103":{"start":{"line":236,"column":30},"end":{"line":236,"column":92}},"104":{"start":{"line":236,"column":49},"end":{"line":236,"column":91}},"105":{"start":{"line":237,"column":8},"end":{"line":242,"column":9}},"106":{"start":{"line":238,"column":12},"end":{"line":241,"column":15}},"107":{"start":{"line":240,"column":56},"end":{"line":240,"column":60}},"108":{"start":{"line":244,"column":25},"end":{"line":244,"column":46}},"109":{"start":{"line":244,"column":41},"end":{"line":244,"column":45}},"110":{"start":{"line":246,"column":8},"end":{"line":253,"column":11}},"111":{"start":{"line":255,"column":8},"end":{"line":258,"column":10}},"112":{"start":{"line":261,"column":8},"end":{"line":270,"column":10}},"113":{"start":{"line":272,"column":8},"end":{"line":272,"column":25}},"114":{"start":{"line":273,"column":8},"end":{"line":273,"column":85}},"115":{"start":{"line":275,"column":8},"end":{"line":275,"column":34}},"116":{"start":{"line":275,"column":15},"end":{"line":275,"column":34}},"117":{"start":{"line":276,"column":8},"end":{"line":276,"column":54}},"118":{"start":{"line":277,"column":8},"end":{"line":277,"column":20}},"119":{"start":{"line":281,"column":0},"end":{"line":333,"column":2}},"120":{"start":{"line":282,"column":14},"end":{"line":282,"column":43}},"121":{"start":{"line":283,"column":4},"end":{"line":332,"column":5}},"122":{"start":{"line":284,"column":23},"end":{"line":284,"column":33}},"123":{"start":{"line":285,"column":34},"end":{"line":285,"column":42}},"124":{"start":{"line":287,"column":22},"end":{"line":287,"column":46}},"125":{"start":{"line":289,"column":8},"end":{"line":291,"column":9}},"126":{"start":{"line":290,"column":12},"end":{"line":290,"column":80}},"127":{"start":{"line":293,"column":8},"end":{"line":295,"column":9}},"128":{"start":{"line":294,"column":12},"end":{"line":294,"column":97}},"129":{"start":{"line":297,"column":8},"end":{"line":299,"column":9}},"130":{"start":{"line":298,"column":12},"end":{"line":298,"column":119}},"131":{"start":{"line":301,"column":8},"end":{"line":305,"column":31}},"132":{"start":{"line":307,"column":8},"end":{"line":324,"column":9}},"133":{"start":{"line":308,"column":12},"end":{"line":311,"column":14}},"134":{"start":{"line":314,"column":12},"end":{"line":323,"column":14}},"135":{"start":{"line":326,"column":8},"end":{"line":326,"column":25}},"136":{"start":{"line":327,"column":8},"end":{"line":327,"column":78}},"137":{"start":{"line":329,"column":8},"end":{"line":329,"column":34}},"138":{"start":{"line":329,"column":15},"end":{"line":329,"column":34}},"139":{"start":{"line":330,"column":8},"end":{"line":330,"column":49}},"140":{"start":{"line":331,"column":8},"end":{"line":331,"column":20}},"141":{"start":{"line":335,"column":0},"end":{"line":355,"column":2}},"142":{"start":{"line":336,"column":4},"end":{"line":354,"column":5}},"143":{"start":{"line":337,"column":23},"end":{"line":337,"column":34}},"144":{"start":{"line":338,"column":23},"end":{"line":349,"column":10}},"145":{"start":{"line":350,"column":8},"end":{"line":350,"column":25}},"146":{"start":{"line":352,"column":8},"end":{"line":352,"column":53}},"147":{"start":{"line":353,"column":8},"end":{"line":353,"column":20}}},"fnMap":{"0":{"name":"(anonymous_0)","decl":{"start":{"line":3,"column":22},"end":{"line":3,"column":23}},"loc":{"start":{"line":3,"column":48},"end":{"line":100,"column":1}},"line":3},"1":{"name":"(anonymous_1)","decl":{"start":{"line":69,"column":52},"end":{"line":69,"column":53}},"loc":{"start":{"line":69,"column":61},"end":{"line":72,"column":9}},"line":69},"2":{"name":"(anonymous_2)","decl":{"start":{"line":102,"column":23},"end":{"line":102,"column":24}},"loc":{"start":{"line":102,"column":49},"end":{"line":127,"column":1}},"line":102},"3":{"name":"(anonymous_3)","decl":{"start":{"line":129,"column":23},"end":{"line":129,"column":24}},"loc":{"start":{"line":129,"column":49},"end":{"line":152,"column":1}},"line":129},"4":{"name":"(anonymous_4)","decl":{"start":{"line":154,"column":28},"end":{"line":154,"column":29}},"loc":{"start":{"line":154,"column":54},"end":{"line":170,"column":1}},"line":154},"5":{"name":"(anonymous_5)","decl":{"start":{"line":172,"column":22},"end":{"line":172,"column":23}},"loc":{"start":{"line":172,"column":48},"end":{"line":186,"column":1}},"line":172},"6":{"name":"(anonymous_6)","decl":{"start":{"line":188,"column":33},"end":{"line":188,"column":34}},"loc":{"start":{"line":188,"column":59},"end":{"line":216,"column":1}},"line":188},"7":{"name":"(anonymous_7)","decl":{"start":{"line":218,"column":30},"end":{"line":218,"column":31}},"loc":{"start":{"line":218,"column":56},"end":{"line":279,"column":1}},"line":218},"8":{"name":"(anonymous_8)","decl":{"start":{"line":236,"column":44},"end":{"line":236,"column":45}},"loc":{"start":{"line":236,"column":49},"end":{"line":236,"column":91}},"line":236},"9":{"name":"(anonymous_9)","decl":{"start":{"line":240,"column":51},"end":{"line":240,"column":52}},"loc":{"start":{"line":240,"column":56},"end":{"line":240,"column":60}},"line":240},"10":{"name":"(anonymous_10)","decl":{"start":{"line":244,"column":36},"end":{"line":244,"column":37}},"loc":{"start":{"line":244,"column":41},"end":{"line":244,"column":45}},"line":244},"11":{"name":"(anonymous_11)","decl":{"start":{"line":281,"column":19},"end":{"line":281,"column":20}},"loc":{"start":{"line":281,"column":45},"end":{"line":333,"column":1}},"line":281},"12":{"name":"(anonymous_12)","decl":{"start":{"line":335,"column":22},"end":{"line":335,"column":23}},"loc":{"start":{"line":335,"column":48},"end":{"line":355,"column":1}},"line":335}},"branchMap":{"0":{"loc":{"start":{"line":8,"column":24},"end":{"line":8,"column":75}},"type":"cond-expr","locations":[{"start":{"line":8,"column":35},"end":{"line":8,"column":46}},{"start":{"line":8,"column":50},"end":{"line":8,"column":74}}],"line":8},"1":{"loc":{"start":{"line":8,"column":50},"end":{"line":8,"column":74}},"type":"binary-expr","locations":[{"start":{"line":8,"column":50},"end":{"line":8,"column":66}},{"start":{"line":8,"column":70},"end":{"line":8,"column":74}}],"line":8},"2":{"loc":{"start":{"line":12,"column":8},"end":{"line":14,"column":9}},"type":"if","locations":[{"start":{"line":12,"column":8},"end":{"line":14,"column":9}},{"start":{},"end":{}}],"line":12},"3":{"loc":{"start":{"line":12,"column":12},"end":{"line":12,"column":35}},"type":"binary-expr","locations":[{"start":{"line":12,"column":12},"end":{"line":12,"column":18}},{"start":{"line":12,"column":22},"end":{"line":12,"column":35}}],"line":12},"4":{"loc":{"start":{"line":21,"column":12},"end":{"line":23,"column":13}},"type":"if","locations":[{"start":{"line":21,"column":12},"end":{"line":23,"column":13}},{"start":{},"end":{}}],"line":21},"5":{"loc":{"start":{"line":32,"column":22},"end":{"line":32,"column":37}},"type":"binary-expr","locations":[{"start":{"line":32,"column":22},"end":{"line":32,"column":31}},{"start":{"line":32,"column":35},"end":{"line":32,"column":37}}],"line":32},"6":{"loc":{"start":{"line":38,"column":28},"end":{"line":38,"column":54}},"type":"binary-expr","locations":[{"start":{"line":38,"column":28},"end":{"line":38,"column":49}},{"start":{"line":38,"column":53},"end":{"line":38,"column":54}}],"line":38},"7":{"loc":{"start":{"line":40,"column":8},"end":{"line":53,"column":9}},"type":"if","locations":[{"start":{"line":40,"column":8},"end":{"line":53,"column":9}},{"start":{},"end":{}}],"line":40},"8":{"loc":{"start":{"line":40,"column":12},"end":{"line":40,"column":38}},"type":"binary-expr","locations":[{"start":{"line":40,"column":12},"end":{"line":40,"column":19}},{"start":{"line":40,"column":23},"end":{"line":40,"column":38}}],"line":40},"9":{"loc":{"start":{"line":42,"column":54},"end":{"line":42,"column":111}},"type":"cond-expr","locations":[{"start":{"line":42,"column":61},"end":{"line":42,"column":97}},{"start":{"line":42,"column":100},"end":{"line":42,"column":111}}],"line":42},"10":{"loc":{"start":{"line":44,"column":12},"end":{"line":52,"column":13}},"type":"if","locations":[{"start":{"line":44,"column":12},"end":{"line":52,"column":13}},{"start":{"line":50,"column":19},"end":{"line":52,"column":13}}],"line":44},"11":{"loc":{"start":{"line":44,"column":16},"end":{"line":44,"column":50}},"type":"binary-expr","locations":[{"start":{"line":44,"column":16},"end":{"line":44,"column":20}},{"start":{"line":44,"column":24},"end":{"line":44,"column":50}}],"line":44},"12":{"loc":{"start":{"line":50,"column":19},"end":{"line":52,"column":13}},"type":"if","locations":[{"start":{"line":50,"column":19},"end":{"line":52,"column":13}},{"start":{},"end":{}}],"line":50},"13":{"loc":{"start":{"line":50,"column":23},"end":{"line":50,"column":56}},"type":"binary-expr","locations":[{"start":{"line":50,"column":23},"end":{"line":50,"column":27}},{"start":{"line":50,"column":31},"end":{"line":50,"column":56}}],"line":50},"14":{"loc":{"start":{"line":60,"column":21},"end":{"line":60,"column":36}},"type":"binary-expr","locations":[{"start":{"line":60,"column":21},"end":{"line":60,"column":28}},{"start":{"line":60,"column":32},"end":{"line":60,"column":36}}],"line":60},"15":{"loc":{"start":{"line":75,"column":8},"end":{"line":80,"column":9}},"type":"if","locations":[{"start":{"line":75,"column":8},"end":{"line":80,"column":9}},{"start":{},"end":{}}],"line":75},"16":{"loc":{"start":{"line":106,"column":8},"end":{"line":106,"column":48}},"type":"if","locations":[{"start":{"line":106,"column":8},"end":{"line":106,"column":48}},{"start":{},"end":{}}],"line":106},"17":{"loc":{"start":{"line":107,"column":8},"end":{"line":107,"column":69}},"type":"if","locations":[{"start":{"line":107,"column":8},"end":{"line":107,"column":69}},{"start":{},"end":{}}],"line":107},"18":{"loc":{"start":{"line":144,"column":8},"end":{"line":146,"column":9}},"type":"if","locations":[{"start":{"line":144,"column":8},"end":{"line":146,"column":9}},{"start":{},"end":{}}],"line":144},"19":{"loc":{"start":{"line":160,"column":8},"end":{"line":162,"column":9}},"type":"if","locations":[{"start":{"line":160,"column":8},"end":{"line":162,"column":9}},{"start":{},"end":{}}],"line":160},"20":{"loc":{"start":{"line":176,"column":8},"end":{"line":178,"column":9}},"type":"if","locations":[{"start":{"line":176,"column":8},"end":{"line":178,"column":9}},{"start":{},"end":{}}],"line":176},"21":{"loc":{"start":{"line":207,"column":8},"end":{"line":209,"column":9}},"type":"if","locations":[{"start":{"line":207,"column":8},"end":{"line":209,"column":9}},{"start":{},"end":{}}],"line":207},"22":{"loc":{"start":{"line":207,"column":12},"end":{"line":207,"column":42}},"type":"binary-expr","locations":[{"start":{"line":207,"column":12},"end":{"line":207,"column":19}},{"start":{"line":207,"column":23},"end":{"line":207,"column":42}}],"line":207},"23":{"loc":{"start":{"line":231,"column":8},"end":{"line":233,"column":9}},"type":"if","locations":[{"start":{"line":231,"column":8},"end":{"line":233,"column":9}},{"start":{},"end":{}}],"line":231},"24":{"loc":{"start":{"line":237,"column":8},"end":{"line":242,"column":9}},"type":"if","locations":[{"start":{"line":237,"column":8},"end":{"line":242,"column":9}},{"start":{},"end":{}}],"line":237},"25":{"loc":{"start":{"line":249,"column":27},"end":{"line":249,"column":50}},"type":"binary-expr","locations":[{"start":{"line":249,"column":27},"end":{"line":249,"column":40}},{"start":{"line":249,"column":44},"end":{"line":249,"column":50}}],"line":249},"26":{"loc":{"start":{"line":275,"column":8},"end":{"line":275,"column":34}},"type":"if","locations":[{"start":{"line":275,"column":8},"end":{"line":275,"column":34}},{"start":{},"end":{}}],"line":275},"27":{"loc":{"start":{"line":289,"column":8},"end":{"line":291,"column":9}},"type":"if","locations":[{"start":{"line":289,"column":8},"end":{"line":291,"column":9}},{"start":{},"end":{}}],"line":289},"28":{"loc":{"start":{"line":293,"column":8},"end":{"line":295,"column":9}},"type":"if","locations":[{"start":{"line":293,"column":8},"end":{"line":295,"column":9}},{"start":{},"end":{}}],"line":293},"29":{"loc":{"start":{"line":297,"column":8},"end":{"line":299,"column":9}},"type":"if","locations":[{"start":{"line":297,"column":8},"end":{"line":299,"column":9}},{"start":{},"end":{}}],"line":297},"30":{"loc":{"start":{"line":304,"column":27},"end":{"line":304,"column":50}},"type":"binary-expr","locations":[{"start":{"line":304,"column":27},"end":{"line":304,"column":40}},{"start":{"line":304,"column":44},"end":{"line":304,"column":50}}],"line":304},"31":{"loc":{"start":{"line":307,"column":8},"end":{"line":324,"column":9}},"type":"if","locations":[{"start":{"line":307,"column":8},"end":{"line":324,"column":9}},{"start":{},"end":{}}],"line":307},"32":{"loc":{"start":{"line":329,"column":8},"end":{"line":329,"column":34}},"type":"if","locations":[{"start":{"line":329,"column":8},"end":{"line":329,"column":34}},{"start":{},"end":{}}],"line":329}},"s":{"0":2,"1":2,"2":0,"3":0,"4":0,"5":0,"6":0,"7":0,"8":0,"9":0,"10":0,"11":0,"12":0,"13":0,"14":0,"15":0,"16":0,"17":0,"18":0,"19":0,"20":0,"21":0,"22":0,"23":0,"24":0,"25":0,"26":0,"27":0,"28":0,"29":0,"30":0,"31":0,"32":0,"33":0,"34":0,"35":0,"36":0,"37":0,"38":0,"39":0,"40":0,"41":0,"42":0,"43":0,"44":2,"45":0,"46":0,"47":0,"48":0,"49":0,"50":0,"51":0,"52":0,"53":0,"54":0,"55":0,"56":2,"57":0,"58":0,"59":0,"60":0,"61":0,"62":0,"63":0,"64":0,"65":2,"66":0,"67":0,"68":0,"69":0,"70":0,"71":0,"72":0,"73":0,"74":0,"75":0,"76":2,"77":0,"78":0,"79":0,"80":0,"81":0,"82":0,"83":0,"84":0,"85":0,"86":2,"87":0,"88":0,"89":0,"90":0,"91":0,"92":0,"93":0,"94":0,"95":2,"96":0,"97":0,"98":0,"99":0,"100":0,"101":0,"102":0,"103":0,"104":0,"105":0,"106":0,"107":0,"108":0,"109":0,"110":0,"111":0,"112":0,"113":0,"114":0,"115":0,"116":0,"117":0,"118":0,"119":2,"120":0,"121":0,"122":0,"123":0,"124":0,"125":0,"126":0,"127":0,"128":0,"129":0,"130":0,"131":0,"132":0,"133":0,"134":0,"135":0,"136":0,"137":0,"138":0,"139":0,"140":0,"141":2,"142":0,"143":0,"144":0,"145":0,"146":0,"147":0},"f":{"0":0,"1":0,"2":0,"3":0,"4":0,"5":0,"6":0,"7":0,"8":0,"9":0,"10":0,"11":0,"12":0},"b":{"0":[0,0],"1":[0,0],"2":[0,0],"3":[0,0],"4":[0,0],"5":[0,0],"6":[0,0],"7":[0,0],"8":[0,0],"9":[0,0],"10":[0,0],"11":[0,0],"12":[0,0],"13":[0,0],"14":[0,0],"15":[0,0],"16":[0,0],"17":[0,0],"18":[0,0],"19":[0,0],"20":[0,0],"21":[0,0],"22":[0,0],"23":[0,0],"24":[0,0],"25":[0,0],"26":[0,0],"27":[0,0],"28":[0,0],"29":[0,0],"30":[0,0],"31":[0,0],"32":[0,0]},"_coverageSchema":"1a1c01bbd47fc00a2c39e90264f33305004495a9","hash":"2fd2e178646cc9240ad737f82d53d14b063ad5cd"}
,"C:\\Users\\fptsh\\OneDrive\\Máy tính\\KCPM\\KCPM-2026\\backend\\src\\controllers\\payosController.js": {"path":"C:\\Users\\fptsh\\OneDrive\\Máy tính\\KCPM\\KCPM-2026\\backend\\src\\controllers\\payosController.js","statementMap":{"0":{"start":{"line":1,"column":17},"end":{"line":1,"column":39}},"1":{"start":{"line":2,"column":46},"end":{"line":2,"column":66}},"2":{"start":{"line":3,"column":15},"end":{"line":3,"column":35}},"3":{"start":{"line":5,"column":14},"end":{"line":5,"column":94}},"4":{"start":{"line":7,"column":12},"end":{"line":7,"column":16}},"5":{"start":{"line":8,"column":0},"end":{"line":18,"column":1}},"6":{"start":{"line":9,"column":4},"end":{"line":17,"column":5}},"7":{"start":{"line":10,"column":8},"end":{"line":14,"column":10}},"8":{"start":{"line":16,"column":8},"end":{"line":16,"column":78}},"9":{"start":{"line":20,"column":0},"end":{"line":81,"column":2}},"10":{"start":{"line":21,"column":4},"end":{"line":80,"column":5}},"11":{"start":{"line":22,"column":37},"end":{"line":22,"column":45}},"12":{"start":{"line":23,"column":21},"end":{"line":23,"column":22}},"13":{"start":{"line":24,"column":26},"end":{"line":24,"column":28}},"14":{"start":{"line":25,"column":28},"end":{"line":25,"column":32}},"15":{"start":{"line":27,"column":8},"end":{"line":48,"column":9}},"16":{"start":{"line":29,"column":27},"end":{"line":31,"column":14}},"17":{"start":{"line":32,"column":12},"end":{"line":32,"column":132}},"18":{"start":{"line":32,"column":37},"end":{"line":32,"column":132}},"19":{"start":{"line":34,"column":12},"end":{"line":34,"column":78}},"20":{"start":{"line":34,"column":47},"end":{"line":34,"column":73}},"21":{"start":{"line":35,"column":12},"end":{"line":35,"column":50}},"22":{"start":{"line":37,"column":12},"end":{"line":37,"column":35}},"23":{"start":{"line":38,"column":15},"end":{"line":48,"column":9}},"24":{"start":{"line":40,"column":26},"end":{"line":40,"column":55}},"25":{"start":{"line":41,"column":12},"end":{"line":41,"column":92}},"26":{"start":{"line":41,"column":24},"end":{"line":41,"column":92}},"27":{"start":{"line":43,"column":12},"end":{"line":43,"column":46}},"28":{"start":{"line":44,"column":12},"end":{"line":44,"column":52}},"29":{"start":{"line":45,"column":12},"end":{"line":45,"column":36}},"30":{"start":{"line":47,"column":12},"end":{"line":47,"column":83}},"31":{"start":{"line":50,"column":23},"end":{"line":50,"column":48}},"32":{"start":{"line":51,"column":26},"end":{"line":51,"column":81}},"33":{"start":{"line":53,"column":28},"end":{"line":59,"column":9}},"34":{"start":{"line":62,"column":8},"end":{"line":66,"column":9}},"35":{"start":{"line":63,"column":12},"end":{"line":63,"column":82}},"36":{"start":{"line":65,"column":12},"end":{"line":65,"column":77}},"37":{"start":{"line":69,"column":8},"end":{"line":73,"column":9}},"38":{"start":{"line":70,"column":32},"end":{"line":70,"column":48}},"39":{"start":{"line":71,"column":32},"end":{"line":71,"column":76}},"40":{"start":{"line":72,"column":12},"end":{"line":72,"column":54}},"41":{"start":{"line":75,"column":8},"end":{"line":75,"column":38}},"42":{"start":{"line":78,"column":8},"end":{"line":78,"column":60}},"43":{"start":{"line":79,"column":8},"end":{"line":79,"column":85}},"44":{"start":{"line":86,"column":0},"end":{"line":133,"column":2}},"45":{"start":{"line":87,"column":4},"end":{"line":132,"column":5}},"46":{"start":{"line":88,"column":28},"end":{"line":88,"column":38}},"47":{"start":{"line":89,"column":22},"end":{"line":89,"column":51}},"48":{"start":{"line":90,"column":8},"end":{"line":90,"column":80}},"49":{"start":{"line":90,"column":20},"end":{"line":90,"column":80}},"50":{"start":{"line":93,"column":8},"end":{"line":95,"column":9}},"51":{"start":{"line":94,"column":12},"end":{"line":94,"column":73}},"52":{"start":{"line":98,"column":22},"end":{"line":98,"column":58}},"53":{"start":{"line":99,"column":8},"end":{"line":99,"column":101}},"54":{"start":{"line":99,"column":20},"end":{"line":99,"column":101}},"55":{"start":{"line":101,"column":26},"end":{"line":101,"column":42}},"56":{"start":{"line":105,"column":8},"end":{"line":109,"column":9}},"57":{"start":{"line":106,"column":12},"end":{"line":106,"column":91}},"58":{"start":{"line":108,"column":12},"end":{"line":108,"column":75}},"59":{"start":{"line":111,"column":8},"end":{"line":111,"column":97}},"60":{"start":{"line":114,"column":8},"end":{"line":125,"column":9}},"61":{"start":{"line":115,"column":12},"end":{"line":119,"column":15}},"62":{"start":{"line":121,"column":12},"end":{"line":123,"column":13}},"63":{"start":{"line":122,"column":16},"end":{"line":122,"column":105}},"64":{"start":{"line":124,"column":12},"end":{"line":124,"column":79}},"65":{"start":{"line":127,"column":8},"end":{"line":127,"column":83}},"66":{"start":{"line":130,"column":8},"end":{"line":130,"column":60}},"67":{"start":{"line":131,"column":8},"end":{"line":131,"column":55}},"68":{"start":{"line":135,"column":0},"end":{"line":164,"column":2}},"69":{"start":{"line":136,"column":4},"end":{"line":163,"column":5}},"70":{"start":{"line":137,"column":28},"end":{"line":137,"column":36}},"71":{"start":{"line":138,"column":8},"end":{"line":138,"column":79}},"72":{"start":{"line":140,"column":8},"end":{"line":159,"column":9}},"73":{"start":{"line":141,"column":34},"end":{"line":141,"column":50}},"74":{"start":{"line":143,"column":26},"end":{"line":145,"column":14}},"75":{"start":{"line":147,"column":12},"end":{"line":158,"column":13}},"76":{"start":{"line":148,"column":16},"end":{"line":152,"column":19}},"77":{"start":{"line":154,"column":16},"end":{"line":156,"column":17}},"78":{"start":{"line":155,"column":20},"end":{"line":155,"column":109}},"79":{"start":{"line":157,"column":16},"end":{"line":157,"column":81}},"80":{"start":{"line":160,"column":8},"end":{"line":160,"column":48}},"81":{"start":{"line":162,"column":8},"end":{"line":162,"column":66}},"82":{"start":{"line":166,"column":0},"end":{"line":171,"column":2}},"83":{"start":{"line":167,"column":4},"end":{"line":170,"column":7}},"84":{"start":{"line":173,"column":0},"end":{"line":175,"column":2}},"85":{"start":{"line":174,"column":4},"end":{"line":174,"column":158}},"86":{"start":{"line":177,"column":0},"end":{"line":179,"column":2}},"87":{"start":{"line":178,"column":4},"end":{"line":178,"column":100}}},"fnMap":{"0":{"name":"(anonymous_0)","decl":{"start":{"line":20,"column":28},"end":{"line":20,"column":29}},"loc":{"start":{"line":20,"column":54},"end":{"line":81,"column":1}},"line":20},"1":{"name":"(anonymous_1)","decl":{"start":{"line":34,"column":35},"end":{"line":34,"column":36}},"loc":{"start":{"line":34,"column":47},"end":{"line":34,"column":73}},"line":34},"2":{"name":"(anonymous_2)","decl":{"start":{"line":86,"column":27},"end":{"line":86,"column":28}},"loc":{"start":{"line":86,"column":47},"end":{"line":133,"column":1}},"line":86},"3":{"name":"(anonymous_3)","decl":{"start":{"line":135,"column":23},"end":{"line":135,"column":24}},"loc":{"start":{"line":135,"column":43},"end":{"line":164,"column":1}},"line":135},"4":{"name":"(anonymous_4)","decl":{"start":{"line":166,"column":21},"end":{"line":166,"column":22}},"loc":{"start":{"line":166,"column":41},"end":{"line":171,"column":1}},"line":166},"5":{"name":"(anonymous_5)","decl":{"start":{"line":173,"column":25},"end":{"line":173,"column":26}},"loc":{"start":{"line":173,"column":39},"end":{"line":175,"column":1}},"line":173},"6":{"name":"(anonymous_6)","decl":{"start":{"line":177,"column":24},"end":{"line":177,"column":25}},"loc":{"start":{"line":177,"column":38},"end":{"line":179,"column":1}},"line":177}},"branchMap":{"0":{"loc":{"start":{"line":5,"column":14},"end":{"line":5,"column":94}},"type":"binary-expr","locations":[{"start":{"line":5,"column":14},"end":{"line":5,"column":30}},{"start":{"line":5,"column":35},"end":{"line":5,"column":93}}],"line":5},"1":{"loc":{"start":{"line":5,"column":35},"end":{"line":5,"column":93}},"type":"cond-expr","locations":[{"start":{"line":5,"column":68},"end":{"line":5,"column":76}},{"start":{"line":5,"column":79},"end":{"line":5,"column":93}}],"line":5},"2":{"loc":{"start":{"line":8,"column":0},"end":{"line":18,"column":1}},"type":"if","locations":[{"start":{"line":8,"column":0},"end":{"line":18,"column":1}},{"start":{},"end":{}}],"line":8},"3":{"loc":{"start":{"line":8,"column":4},"end":{"line":8,"column":103}},"type":"binary-expr","locations":[{"start":{"line":8,"column":4},"end":{"line":8,"column":9}},{"start":{"line":8,"column":13},"end":{"line":8,"column":40}},{"start":{"line":8,"column":44},"end":{"line":8,"column":69}},{"start":{"line":8,"column":73},"end":{"line":8,"column":103}}],"line":8},"4":{"loc":{"start":{"line":27,"column":8},"end":{"line":48,"column":9}},"type":"if","locations":[{"start":{"line":27,"column":8},"end":{"line":48,"column":9}},{"start":{"line":38,"column":15},"end":{"line":48,"column":9}}],"line":27},"5":{"loc":{"start":{"line":32,"column":12},"end":{"line":32,"column":132}},"type":"if","locations":[{"start":{"line":32,"column":12},"end":{"line":32,"column":132}},{"start":{},"end":{}}],"line":32},"6":{"loc":{"start":{"line":38,"column":15},"end":{"line":48,"column":9}},"type":"if","locations":[{"start":{"line":38,"column":15},"end":{"line":48,"column":9}},{"start":{"line":46,"column":15},"end":{"line":48,"column":9}}],"line":38},"7":{"loc":{"start":{"line":41,"column":12},"end":{"line":41,"column":92}},"type":"if","locations":[{"start":{"line":41,"column":12},"end":{"line":41,"column":92}},{"start":{},"end":{}}],"line":41},"8":{"loc":{"start":{"line":62,"column":8},"end":{"line":66,"column":9}},"type":"if","locations":[{"start":{"line":62,"column":8},"end":{"line":66,"column":9}},{"start":{"line":64,"column":15},"end":{"line":66,"column":9}}],"line":62},"9":{"loc":{"start":{"line":62,"column":12},"end":{"line":62,"column":87}},"type":"binary-expr","locations":[{"start":{"line":62,"column":12},"end":{"line":62,"column":33}},{"start":{"line":62,"column":37},"end":{"line":62,"column":87}}],"line":62},"10":{"loc":{"start":{"line":70,"column":32},"end":{"line":70,"column":48}},"type":"binary-expr","locations":[{"start":{"line":70,"column":32},"end":{"line":70,"column":42}},{"start":{"line":70,"column":46},"end":{"line":70,"column":48}}],"line":70},"11":{"loc":{"start":{"line":90,"column":8},"end":{"line":90,"column":80}},"type":"if","locations":[{"start":{"line":90,"column":8},"end":{"line":90,"column":80}},{"start":{},"end":{}}],"line":90},"12":{"loc":{"start":{"line":93,"column":8},"end":{"line":95,"column":9}},"type":"if","locations":[{"start":{"line":93,"column":8},"end":{"line":95,"column":9}},{"start":{},"end":{}}],"line":93},"13":{"loc":{"start":{"line":99,"column":8},"end":{"line":99,"column":101}},"type":"if","locations":[{"start":{"line":99,"column":8},"end":{"line":99,"column":101}},{"start":{},"end":{}}],"line":99},"14":{"loc":{"start":{"line":105,"column":8},"end":{"line":109,"column":9}},"type":"if","locations":[{"start":{"line":105,"column":8},"end":{"line":109,"column":9}},{"start":{"line":107,"column":15},"end":{"line":109,"column":9}}],"line":105},"15":{"loc":{"start":{"line":105,"column":12},"end":{"line":105,"column":106}},"type":"binary-expr","locations":[{"start":{"line":105,"column":12},"end":{"line":105,"column":33}},{"start":{"line":105,"column":37},"end":{"line":105,"column":106}}],"line":105},"16":{"loc":{"start":{"line":114,"column":8},"end":{"line":125,"column":9}},"type":"if","locations":[{"start":{"line":114,"column":8},"end":{"line":125,"column":9}},{"start":{},"end":{}}],"line":114},"17":{"loc":{"start":{"line":121,"column":12},"end":{"line":123,"column":13}},"type":"if","locations":[{"start":{"line":121,"column":12},"end":{"line":123,"column":13}},{"start":{},"end":{}}],"line":121},"18":{"loc":{"start":{"line":140,"column":8},"end":{"line":159,"column":9}},"type":"if","locations":[{"start":{"line":140,"column":8},"end":{"line":159,"column":9}},{"start":{},"end":{}}],"line":140},"19":{"loc":{"start":{"line":147,"column":12},"end":{"line":158,"column":13}},"type":"if","locations":[{"start":{"line":147,"column":12},"end":{"line":158,"column":13}},{"start":{},"end":{}}],"line":147},"20":{"loc":{"start":{"line":147,"column":16},"end":{"line":147,"column":55}},"type":"binary-expr","locations":[{"start":{"line":147,"column":16},"end":{"line":147,"column":21}},{"start":{"line":147,"column":25},"end":{"line":147,"column":55}}],"line":147},"21":{"loc":{"start":{"line":154,"column":16},"end":{"line":156,"column":17}},"type":"if","locations":[{"start":{"line":154,"column":16},"end":{"line":156,"column":17}},{"start":{},"end":{}}],"line":154},"22":{"loc":{"start":{"line":169,"column":17},"end":{"line":169,"column":48}},"type":"cond-expr","locations":[{"start":{"line":169,"column":25},"end":{"line":169,"column":43}},{"start":{"line":169,"column":46},"end":{"line":169,"column":48}}],"line":169}},"s":{"0":2,"1":2,"2":2,"3":2,"4":2,"5":2,"6":2,"7":2,"8":0,"9":2,"10":0,"11":0,"12":0,"13":0,"14":0,"15":0,"16":0,"17":0,"18":0,"19":0,"20":0,"21":0,"22":0,"23":0,"24":0,"25":0,"26":0,"27":0,"28":0,"29":0,"30":0,"31":0,"32":0,"33":0,"34":0,"35":0,"36":0,"37":0,"38":0,"39":0,"40":0,"41":0,"42":0,"43":0,"44":2,"45":0,"46":0,"47":0,"48":0,"49":0,"50":0,"51":0,"52":0,"53":0,"54":0,"55":0,"56":0,"57":0,"58":0,"59":0,"60":0,"61":0,"62":0,"63":0,"64":0,"65":0,"66":0,"67":0,"68":2,"69":0,"70":0,"71":0,"72":0,"73":0,"74":0,"75":0,"76":0,"77":0,"78":0,"79":0,"80":0,"81":0,"82":2,"83":0,"84":2,"85":0,"86":2,"87":0},"f":{"0":0,"1":0,"2":0,"3":0,"4":0,"5":0,"6":0},"b":{"0":[2,2],"1":[0,2],"2":[2,0],"3":[2,2,2,2],"4":[0,0],"5":[0,0],"6":[0,0],"7":[0,0],"8":[0,0],"9":[0,0],"10":[0,0],"11":[0,0],"12":[0,0],"13":[0,0],"14":[0,0],"15":[0,0],"16":[0,0],"17":[0,0],"18":[0,0],"19":[0,0],"20":[0,0],"21":[0,0],"22":[0,0]},"_coverageSchema":"1a1c01bbd47fc00a2c39e90264f33305004495a9","hash":"fcfac9d49a68bba51d4174988033c6d7ce80eb9b"}
,"C:\\Users\\fptsh\\OneDrive\\Máy tính\\KCPM\\KCPM-2026\\backend\\src\\controllers\\pointController.js": {"path":"C:\\Users\\fptsh\\OneDrive\\Máy tính\\KCPM\\KCPM-2026\\backend\\src\\controllers\\pointController.js","statementMap":{"0":{"start":{"line":1,"column":35},"end":{"line":1,"column":55}},"1":{"start":{"line":3,"column":0},"end":{"line":49,"column":2}},"2":{"start":{"line":4,"column":14},"end":{"line":4,"column":43}},"3":{"start":{"line":5,"column":4},"end":{"line":48,"column":5}},"4":{"start":{"line":6,"column":35},"end":{"line":6,"column":43}},"5":{"start":{"line":8,"column":8},"end":{"line":10,"column":9}},"6":{"start":{"line":9,"column":12},"end":{"line":9,"column":105}},"7":{"start":{"line":12,"column":21},"end":{"line":12,"column":61}},"8":{"start":{"line":13,"column":8},"end":{"line":15,"column":9}},"9":{"start":{"line":14,"column":12},"end":{"line":14,"column":104}},"10":{"start":{"line":17,"column":22},"end":{"line":17,"column":51}},"11":{"start":{"line":18,"column":8},"end":{"line":20,"column":9}},"12":{"start":{"line":19,"column":12},"end":{"line":19,"column":101}},"13":{"start":{"line":22,"column":8},"end":{"line":24,"column":9}},"14":{"start":{"line":23,"column":12},"end":{"line":23,"column":106}},"15":{"start":{"line":26,"column":8},"end":{"line":28,"column":9}},"16":{"start":{"line":27,"column":12},"end":{"line":27,"column":96}},"17":{"start":{"line":30,"column":26},"end":{"line":30,"column":30}},"18":{"start":{"line":31,"column":29},"end":{"line":31,"column":81}},"19":{"start":{"line":33,"column":8},"end":{"line":33,"column":77}},"20":{"start":{"line":34,"column":8},"end":{"line":34,"column":72}},"21":{"start":{"line":36,"column":8},"end":{"line":36,"column":25}},"22":{"start":{"line":38,"column":8},"end":{"line":42,"column":11}},"23":{"start":{"line":45,"column":8},"end":{"line":45,"column":27}},"24":{"start":{"line":46,"column":8},"end":{"line":46,"column":50}},"25":{"start":{"line":47,"column":8},"end":{"line":47,"column":94}}},"fnMap":{"0":{"name":"(anonymous_0)","decl":{"start":{"line":3,"column":29},"end":{"line":3,"column":30}},"loc":{"start":{"line":3,"column":55},"end":{"line":49,"column":1}},"line":3}},"branchMap":{"0":{"loc":{"start":{"line":8,"column":8},"end":{"line":10,"column":9}},"type":"if","locations":[{"start":{"line":8,"column":8},"end":{"line":10,"column":9}},{"start":{},"end":{}}],"line":8},"1":{"loc":{"start":{"line":8,"column":12},"end":{"line":8,"column":30}},"type":"binary-expr","locations":[{"start":{"line":8,"column":12},"end":{"line":8,"column":18}},{"start":{"line":8,"column":22},"end":{"line":8,"column":30}}],"line":8},"2":{"loc":{"start":{"line":13,"column":8},"end":{"line":15,"column":9}},"type":"if","locations":[{"start":{"line":13,"column":8},"end":{"line":15,"column":9}},{"start":{},"end":{}}],"line":13},"3":{"loc":{"start":{"line":18,"column":8},"end":{"line":20,"column":9}},"type":"if","locations":[{"start":{"line":18,"column":8},"end":{"line":20,"column":9}},{"start":{},"end":{}}],"line":18},"4":{"loc":{"start":{"line":22,"column":8},"end":{"line":24,"column":9}},"type":"if","locations":[{"start":{"line":22,"column":8},"end":{"line":24,"column":9}},{"start":{},"end":{}}],"line":22},"5":{"loc":{"start":{"line":22,"column":12},"end":{"line":22,"column":74}},"type":"binary-expr","locations":[{"start":{"line":22,"column":12},"end":{"line":22,"column":42}},{"start":{"line":22,"column":46},"end":{"line":22,"column":74}}],"line":22},"6":{"loc":{"start":{"line":26,"column":8},"end":{"line":28,"column":9}},"type":"if","locations":[{"start":{"line":26,"column":8},"end":{"line":28,"column":9}},{"start":{},"end":{}}],"line":26}},"s":{"0":2,"1":2,"2":0,"3":0,"4":0,"5":0,"6":0,"7":0,"8":0,"9":0,"10":0,"11":0,"12":0,"13":0,"14":0,"15":0,"16":0,"17":0,"18":0,"19":0,"20":0,"21":0,"22":0,"23":0,"24":0,"25":0},"f":{"0":0},"b":{"0":[0,0],"1":[0,0],"2":[0,0],"3":[0,0],"4":[0,0],"5":[0,0],"6":[0,0]},"_coverageSchema":"1a1c01bbd47fc00a2c39e90264f33305004495a9","hash":"6c0c374b5824559582d8b51ef1d3745f020bb676"}
,"C:\\Users\\fptsh\\OneDrive\\Máy tính\\KCPM\\KCPM-2026\\backend\\src\\controllers\\productController.js": {"path":"C:\\Users\\fptsh\\OneDrive\\Máy tính\\KCPM\\KCPM-2026\\backend\\src\\controllers\\productController.js","statementMap":{"0":{"start":{"line":1,"column":12},"end":{"line":1,"column":35}},"1":{"start":{"line":2,"column":20},"end":{"line":2,"column":40}},"2":{"start":{"line":3,"column":15},"end":{"line":3,"column":35}},"3":{"start":{"line":4,"column":0},"end":{"line":4,"column":27}},"4":{"start":{"line":7,"column":0},"end":{"line":22,"column":2}},"5":{"start":{"line":8,"column":2},"end":{"line":21,"column":3}},"6":{"start":{"line":9,"column":36},"end":{"line":9,"column":45}},"7":{"start":{"line":10,"column":18},"end":{"line":10,"column":20}},"8":{"start":{"line":11,"column":4},"end":{"line":13,"column":5}},"9":{"start":{"line":12,"column":6},"end":{"line":12,"column":38}},"10":{"start":{"line":14,"column":4},"end":{"line":16,"column":5}},"11":{"start":{"line":15,"column":6},"end":{"line":15,"column":48}},"12":{"start":{"line":17,"column":21},"end":{"line":17,"column":53}},"13":{"start":{"line":18,"column":4},"end":{"line":18,"column":35}},"14":{"start":{"line":20,"column":4},"end":{"line":20,"column":53}},"15":{"start":{"line":24,"column":0},"end":{"line":34,"column":2}},"16":{"start":{"line":25,"column":2},"end":{"line":33,"column":3}},"17":{"start":{"line":26,"column":20},"end":{"line":26,"column":57}},"18":{"start":{"line":27,"column":4},"end":{"line":29,"column":5}},"19":{"start":{"line":28,"column":6},"end":{"line":28,"column":68}},"20":{"start":{"line":30,"column":4},"end":{"line":30,"column":34}},"21":{"start":{"line":32,"column":4},"end":{"line":32,"column":53}},"22":{"start":{"line":36,"column":0},"end":{"line":43,"column":2}},"23":{"start":{"line":37,"column":2},"end":{"line":42,"column":3}},"24":{"start":{"line":38,"column":20},"end":{"line":38,"column":50}},"25":{"start":{"line":39,"column":4},"end":{"line":39,"column":34}},"26":{"start":{"line":41,"column":4},"end":{"line":41,"column":53}},"27":{"start":{"line":45,"column":0},"end":{"line":58,"column":2}},"28":{"start":{"line":46,"column":2},"end":{"line":57,"column":3}},"29":{"start":{"line":47,"column":22},"end":{"line":49,"column":6}},"30":{"start":{"line":50,"column":4},"end":{"line":52,"column":5}},"31":{"start":{"line":51,"column":6},"end":{"line":51,"column":68}},"32":{"start":{"line":53,"column":27},"end":{"line":53,"column":64}},"33":{"start":{"line":54,"column":4},"end":{"line":54,"column":41}},"34":{"start":{"line":56,"column":4},"end":{"line":56,"column":53}},"35":{"start":{"line":60,"column":0},"end":{"line":72,"column":2}},"36":{"start":{"line":61,"column":2},"end":{"line":71,"column":3}},"37":{"start":{"line":62,"column":20},"end":{"line":64,"column":6}},"38":{"start":{"line":65,"column":4},"end":{"line":67,"column":5}},"39":{"start":{"line":66,"column":6},"end":{"line":66,"column":68}},"40":{"start":{"line":68,"column":4},"end":{"line":68,"column":27}},"41":{"start":{"line":70,"column":4},"end":{"line":70,"column":53}}},"fnMap":{"0":{"name":"(anonymous_0)","decl":{"start":{"line":7,"column":25},"end":{"line":7,"column":26}},"loc":{"start":{"line":7,"column":45},"end":{"line":22,"column":1}},"line":7},"1":{"name":"(anonymous_1)","decl":{"start":{"line":24,"column":25},"end":{"line":24,"column":26}},"loc":{"start":{"line":24,"column":45},"end":{"line":34,"column":1}},"line":24},"2":{"name":"(anonymous_2)","decl":{"start":{"line":36,"column":24},"end":{"line":36,"column":25}},"loc":{"start":{"line":36,"column":44},"end":{"line":43,"column":1}},"line":36},"3":{"name":"(anonymous_3)","decl":{"start":{"line":45,"column":24},"end":{"line":45,"column":25}},"loc":{"start":{"line":45,"column":44},"end":{"line":58,"column":1}},"line":45},"4":{"name":"(anonymous_4)","decl":{"start":{"line":60,"column":24},"end":{"line":60,"column":25}},"loc":{"start":{"line":60,"column":44},"end":{"line":72,"column":1}},"line":60}},"branchMap":{"0":{"loc":{"start":{"line":11,"column":4},"end":{"line":13,"column":5}},"type":"if","locations":[{"start":{"line":11,"column":4},"end":{"line":13,"column":5}},{"start":{},"end":{}}],"line":11},"1":{"loc":{"start":{"line":14,"column":4},"end":{"line":16,"column":5}},"type":"if","locations":[{"start":{"line":14,"column":4},"end":{"line":16,"column":5}},{"start":{},"end":{}}],"line":14},"2":{"loc":{"start":{"line":27,"column":4},"end":{"line":29,"column":5}},"type":"if","locations":[{"start":{"line":27,"column":4},"end":{"line":29,"column":5}},{"start":{},"end":{}}],"line":27},"3":{"loc":{"start":{"line":50,"column":4},"end":{"line":52,"column":5}},"type":"if","locations":[{"start":{"line":50,"column":4},"end":{"line":52,"column":5}},{"start":{},"end":{}}],"line":50},"4":{"loc":{"start":{"line":65,"column":4},"end":{"line":67,"column":5}},"type":"if","locations":[{"start":{"line":65,"column":4},"end":{"line":67,"column":5}},{"start":{},"end":{}}],"line":65}},"s":{"0":2,"1":2,"2":2,"3":2,"4":2,"5":0,"6":0,"7":0,"8":0,"9":0,"10":0,"11":0,"12":0,"13":0,"14":0,"15":2,"16":0,"17":0,"18":0,"19":0,"20":0,"21":0,"22":2,"23":0,"24":0,"25":0,"26":0,"27":2,"28":0,"29":0,"30":0,"31":0,"32":0,"33":0,"34":0,"35":2,"36":0,"37":0,"38":0,"39":0,"40":0,"41":0},"f":{"0":0,"1":0,"2":0,"3":0,"4":0},"b":{"0":[0,0],"1":[0,0],"2":[0,0],"3":[0,0],"4":[0,0]},"_coverageSchema":"1a1c01bbd47fc00a2c39e90264f33305004495a9","hash":"d3ef389a19351626f7e45888d6714799c7cb37a5"}
,"C:\\Users\\fptsh\\OneDrive\\Máy tính\\KCPM\\KCPM-2026\\backend\\src\\controllers\\reservationController.js": {"path":"C:\\Users\\fptsh\\OneDrive\\Máy tính\\KCPM\\KCPM-2026\\backend\\src\\controllers\\reservationController.js","statementMap":{"0":{"start":{"line":1,"column":58},"end":{"line":1,"column":78}},"1":{"start":{"line":2,"column":15},"end":{"line":2,"column":35}},"2":{"start":{"line":4,"column":0},"end":{"line":75,"column":2}},"3":{"start":{"line":5,"column":14},"end":{"line":5,"column":43}},"4":{"start":{"line":6,"column":4},"end":{"line":74,"column":5}},"5":{"start":{"line":7,"column":90},"end":{"line":7,"column":98}},"6":{"start":{"line":9,"column":26},"end":{"line":9,"column":51}},"7":{"start":{"line":10,"column":30},"end":{"line":10,"column":31}},"8":{"start":{"line":11,"column":24},"end":{"line":11,"column":86}},"9":{"start":{"line":13,"column":40},"end":{"line":30,"column":10}},"10":{"start":{"line":32,"column":33},"end":{"line":32,"column":77}},"11":{"start":{"line":32,"column":66},"end":{"line":32,"column":76}},"12":{"start":{"line":34,"column":31},"end":{"line":42,"column":10}},"13":{"start":{"line":44,"column":8},"end":{"line":49,"column":9}},"14":{"start":{"line":45,"column":12},"end":{"line":45,"column":31}},"15":{"start":{"line":46,"column":12},"end":{"line":48,"column":15}},"16":{"start":{"line":51,"column":28},"end":{"line":60,"column":30}},"17":{"start":{"line":62,"column":8},"end":{"line":62,"column":25}},"18":{"start":{"line":63,"column":8},"end":{"line":69,"column":11}},"19":{"start":{"line":71,"column":8},"end":{"line":71,"column":27}},"20":{"start":{"line":72,"column":8},"end":{"line":72,"column":58}},"21":{"start":{"line":73,"column":8},"end":{"line":73,"column":92}},"22":{"start":{"line":77,"column":0},"end":{"line":120,"column":2}},"23":{"start":{"line":78,"column":14},"end":{"line":78,"column":43}},"24":{"start":{"line":79,"column":4},"end":{"line":119,"column":5}},"25":{"start":{"line":80,"column":23},"end":{"line":80,"column":33}},"26":{"start":{"line":81,"column":28},"end":{"line":81,"column":58}},"27":{"start":{"line":83,"column":8},"end":{"line":86,"column":9}},"28":{"start":{"line":84,"column":12},"end":{"line":84,"column":31}},"29":{"start":{"line":85,"column":12},"end":{"line":85,"column":89}},"30":{"start":{"line":88,"column":23},"end":{"line":88,"column":69}},"31":{"start":{"line":89,"column":8},"end":{"line":92,"column":9}},"32":{"start":{"line":90,"column":12},"end":{"line":90,"column":31}},"33":{"start":{"line":91,"column":12},"end":{"line":91,"column":100}},"34":{"start":{"line":95,"column":20},"end":{"line":95,"column":30}},"35":{"start":{"line":96,"column":24},"end":{"line":96,"column":61}},"36":{"start":{"line":97,"column":25},"end":{"line":97,"column":48}},"37":{"start":{"line":99,"column":8},"end":{"line":104,"column":9}},"38":{"start":{"line":100,"column":12},"end":{"line":100,"column":31}},"39":{"start":{"line":101,"column":12},"end":{"line":103,"column":15}},"40":{"start":{"line":106,"column":8},"end":{"line":106,"column":42}},"41":{"start":{"line":107,"column":8},"end":{"line":107,"column":51}},"42":{"start":{"line":109,"column":8},"end":{"line":112,"column":10}},"43":{"start":{"line":114,"column":8},"end":{"line":114,"column":25}},"44":{"start":{"line":115,"column":8},"end":{"line":115,"column":62}},"45":{"start":{"line":117,"column":8},"end":{"line":117,"column":27}},"46":{"start":{"line":118,"column":8},"end":{"line":118,"column":20}},"47":{"start":{"line":122,"column":0},"end":{"line":145,"column":2}},"48":{"start":{"line":123,"column":4},"end":{"line":144,"column":5}},"49":{"start":{"line":124,"column":23},"end":{"line":124,"column":33}},"50":{"start":{"line":125,"column":28},"end":{"line":125,"column":58}},"51":{"start":{"line":127,"column":8},"end":{"line":129,"column":9}},"52":{"start":{"line":128,"column":12},"end":{"line":128,"column":89}},"53":{"start":{"line":131,"column":23},"end":{"line":131,"column":69}},"54":{"start":{"line":132,"column":8},"end":{"line":136,"column":9}},"55":{"start":{"line":133,"column":12},"end":{"line":135,"column":15}},"56":{"start":{"line":138,"column":8},"end":{"line":138,"column":41}},"57":{"start":{"line":139,"column":8},"end":{"line":139,"column":33}},"58":{"start":{"line":141,"column":8},"end":{"line":141,"column":59}},"59":{"start":{"line":143,"column":8},"end":{"line":143,"column":20}},"60":{"start":{"line":147,"column":0},"end":{"line":170,"column":2}},"61":{"start":{"line":148,"column":4},"end":{"line":169,"column":5}},"62":{"start":{"line":149,"column":23},"end":{"line":149,"column":33}},"63":{"start":{"line":150,"column":28},"end":{"line":150,"column":58}},"64":{"start":{"line":152,"column":8},"end":{"line":154,"column":9}},"65":{"start":{"line":153,"column":12},"end":{"line":153,"column":89}},"66":{"start":{"line":156,"column":23},"end":{"line":156,"column":69}},"67":{"start":{"line":157,"column":8},"end":{"line":161,"column":9}},"68":{"start":{"line":158,"column":12},"end":{"line":160,"column":15}},"69":{"start":{"line":163,"column":8},"end":{"line":163,"column":41}},"70":{"start":{"line":164,"column":8},"end":{"line":164,"column":33}},"71":{"start":{"line":166,"column":8},"end":{"line":166,"column":80}},"72":{"start":{"line":168,"column":8},"end":{"line":168,"column":20}},"73":{"start":{"line":172,"column":0},"end":{"line":189,"column":2}},"74":{"start":{"line":173,"column":4},"end":{"line":188,"column":5}},"75":{"start":{"line":174,"column":23},"end":{"line":174,"column":33}},"76":{"start":{"line":175,"column":27},"end":{"line":175,"column":35}},"77":{"start":{"line":176,"column":28},"end":{"line":176,"column":58}},"78":{"start":{"line":178,"column":8},"end":{"line":180,"column":9}},"79":{"start":{"line":179,"column":12},"end":{"line":179,"column":89}},"80":{"start":{"line":182,"column":8},"end":{"line":182,"column":58}},"81":{"start":{"line":183,"column":8},"end":{"line":183,"column":33}},"82":{"start":{"line":185,"column":8},"end":{"line":185,"column":91}},"83":{"start":{"line":187,"column":8},"end":{"line":187,"column":20}},"84":{"start":{"line":191,"column":0},"end":{"line":203,"column":2}},"85":{"start":{"line":192,"column":4},"end":{"line":202,"column":5}},"86":{"start":{"line":193,"column":23},"end":{"line":193,"column":34}},"87":{"start":{"line":194,"column":29},"end":{"line":198,"column":10}},"88":{"start":{"line":199,"column":8},"end":{"line":199,"column":31}},"89":{"start":{"line":201,"column":8},"end":{"line":201,"column":20}},"90":{"start":{"line":205,"column":0},"end":{"line":215,"column":2}},"91":{"start":{"line":206,"column":4},"end":{"line":214,"column":5}},"92":{"start":{"line":207,"column":29},"end":{"line":210,"column":10}},"93":{"start":{"line":211,"column":8},"end":{"line":211,"column":31}},"94":{"start":{"line":213,"column":8},"end":{"line":213,"column":20}}},"fnMap":{"0":{"name":"(anonymous_0)","decl":{"start":{"line":4,"column":28},"end":{"line":4,"column":29}},"loc":{"start":{"line":4,"column":54},"end":{"line":75,"column":1}},"line":4},"1":{"name":"(anonymous_1)","decl":{"start":{"line":32,"column":61},"end":{"line":32,"column":62}},"loc":{"start":{"line":32,"column":66},"end":{"line":32,"column":76}},"line":32},"2":{"name":"(anonymous_2)","decl":{"start":{"line":77,"column":18},"end":{"line":77,"column":19}},"loc":{"start":{"line":77,"column":44},"end":{"line":120,"column":1}},"line":77},"3":{"name":"(anonymous_3)","decl":{"start":{"line":122,"column":28},"end":{"line":122,"column":29}},"loc":{"start":{"line":122,"column":54},"end":{"line":145,"column":1}},"line":122},"4":{"name":"(anonymous_4)","decl":{"start":{"line":147,"column":29},"end":{"line":147,"column":30}},"loc":{"start":{"line":147,"column":55},"end":{"line":170,"column":1}},"line":147},"5":{"name":"(anonymous_5)","decl":{"start":{"line":172,"column":34},"end":{"line":172,"column":35}},"loc":{"start":{"line":172,"column":60},"end":{"line":189,"column":1}},"line":172},"6":{"name":"(anonymous_6)","decl":{"start":{"line":191,"column":28},"end":{"line":191,"column":29}},"loc":{"start":{"line":191,"column":54},"end":{"line":203,"column":1}},"line":191},"7":{"name":"(anonymous_7)","decl":{"start":{"line":205,"column":29},"end":{"line":205,"column":30}},"loc":{"start":{"line":205,"column":55},"end":{"line":215,"column":1}},"line":205}},"branchMap":{"0":{"loc":{"start":{"line":37,"column":34},"end":{"line":37,"column":87}},"type":"cond-expr","locations":[{"start":{"line":37,"column":64},"end":{"line":37,"column":80}},{"start":{"line":37,"column":83},"end":{"line":37,"column":87}}],"line":37},"1":{"loc":{"start":{"line":44,"column":8},"end":{"line":49,"column":9}},"type":"if","locations":[{"start":{"line":44,"column":8},"end":{"line":49,"column":9}},{"start":{},"end":{}}],"line":44},"2":{"loc":{"start":{"line":53,"column":21},"end":{"line":53,"column":36}},"type":"binary-expr","locations":[{"start":{"line":53,"column":21},"end":{"line":53,"column":28}},{"start":{"line":53,"column":32},"end":{"line":53,"column":36}}],"line":53},"3":{"loc":{"start":{"line":83,"column":8},"end":{"line":86,"column":9}},"type":"if","locations":[{"start":{"line":83,"column":8},"end":{"line":86,"column":9}},{"start":{},"end":{}}],"line":83},"4":{"loc":{"start":{"line":88,"column":30},"end":{"line":88,"column":54}},"type":"binary-expr","locations":[{"start":{"line":88,"column":30},"end":{"line":88,"column":48}},{"start":{"line":88,"column":52},"end":{"line":88,"column":54}}],"line":88},"5":{"loc":{"start":{"line":89,"column":8},"end":{"line":92,"column":9}},"type":"if","locations":[{"start":{"line":89,"column":8},"end":{"line":92,"column":9}},{"start":{},"end":{}}],"line":89},"6":{"loc":{"start":{"line":89,"column":12},"end":{"line":89,"column":58}},"type":"binary-expr","locations":[{"start":{"line":89,"column":12},"end":{"line":89,"column":34}},{"start":{"line":89,"column":38},"end":{"line":89,"column":58}}],"line":89},"7":{"loc":{"start":{"line":99,"column":8},"end":{"line":104,"column":9}},"type":"if","locations":[{"start":{"line":99,"column":8},"end":{"line":104,"column":9}},{"start":{},"end":{}}],"line":99},"8":{"loc":{"start":{"line":99,"column":12},"end":{"line":99,"column":43}},"type":"binary-expr","locations":[{"start":{"line":99,"column":12},"end":{"line":99,"column":26}},{"start":{"line":99,"column":30},"end":{"line":99,"column":43}}],"line":99},"9":{"loc":{"start":{"line":127,"column":8},"end":{"line":129,"column":9}},"type":"if","locations":[{"start":{"line":127,"column":8},"end":{"line":129,"column":9}},{"start":{},"end":{}}],"line":127},"10":{"loc":{"start":{"line":131,"column":30},"end":{"line":131,"column":54}},"type":"binary-expr","locations":[{"start":{"line":131,"column":30},"end":{"line":131,"column":48}},{"start":{"line":131,"column":52},"end":{"line":131,"column":54}}],"line":131},"11":{"loc":{"start":{"line":132,"column":8},"end":{"line":136,"column":9}},"type":"if","locations":[{"start":{"line":132,"column":8},"end":{"line":136,"column":9}},{"start":{},"end":{}}],"line":132},"12":{"loc":{"start":{"line":132,"column":12},"end":{"line":132,"column":58}},"type":"binary-expr","locations":[{"start":{"line":132,"column":12},"end":{"line":132,"column":32}},{"start":{"line":132,"column":36},"end":{"line":132,"column":58}}],"line":132},"13":{"loc":{"start":{"line":152,"column":8},"end":{"line":154,"column":9}},"type":"if","locations":[{"start":{"line":152,"column":8},"end":{"line":154,"column":9}},{"start":{},"end":{}}],"line":152},"14":{"loc":{"start":{"line":156,"column":30},"end":{"line":156,"column":54}},"type":"binary-expr","locations":[{"start":{"line":156,"column":30},"end":{"line":156,"column":48}},{"start":{"line":156,"column":52},"end":{"line":156,"column":54}}],"line":156},"15":{"loc":{"start":{"line":157,"column":8},"end":{"line":161,"column":9}},"type":"if","locations":[{"start":{"line":157,"column":8},"end":{"line":161,"column":9}},{"start":{},"end":{}}],"line":157},"16":{"loc":{"start":{"line":178,"column":8},"end":{"line":180,"column":9}},"type":"if","locations":[{"start":{"line":178,"column":8},"end":{"line":180,"column":9}},{"start":{},"end":{}}],"line":178}},"s":{"0":2,"1":2,"2":2,"3":0,"4":0,"5":0,"6":0,"7":0,"8":0,"9":0,"10":0,"11":0,"12":0,"13":0,"14":0,"15":0,"16":0,"17":0,"18":0,"19":0,"20":0,"21":0,"22":2,"23":0,"24":0,"25":0,"26":0,"27":0,"28":0,"29":0,"30":0,"31":0,"32":0,"33":0,"34":0,"35":0,"36":0,"37":0,"38":0,"39":0,"40":0,"41":0,"42":0,"43":0,"44":0,"45":0,"46":0,"47":2,"48":0,"49":0,"50":0,"51":0,"52":0,"53":0,"54":0,"55":0,"56":0,"57":0,"58":0,"59":0,"60":2,"61":0,"62":0,"63":0,"64":0,"65":0,"66":0,"67":0,"68":0,"69":0,"70":0,"71":0,"72":0,"73":2,"74":0,"75":0,"76":0,"77":0,"78":0,"79":0,"80":0,"81":0,"82":0,"83":0,"84":2,"85":0,"86":0,"87":0,"88":0,"89":0,"90":2,"91":0,"92":0,"93":0,"94":0},"f":{"0":0,"1":0,"2":0,"3":0,"4":0,"5":0,"6":0,"7":0},"b":{"0":[0,0],"1":[0,0],"2":[0,0],"3":[0,0],"4":[0,0],"5":[0,0],"6":[0,0],"7":[0,0],"8":[0,0],"9":[0,0],"10":[0,0],"11":[0,0],"12":[0,0],"13":[0,0],"14":[0,0],"15":[0,0],"16":[0,0]},"_coverageSchema":"1a1c01bbd47fc00a2c39e90264f33305004495a9","hash":"4552e8d32afa15c3de9bf7a6b36d9735f45d21ec"}
,"C:\\Users\\fptsh\\OneDrive\\Máy tính\\KCPM\\KCPM-2026\\backend\\src\\controllers\\reviewController.js": {"path":"C:\\Users\\fptsh\\OneDrive\\Máy tính\\KCPM\\KCPM-2026\\backend\\src\\controllers\\reviewController.js","statementMap":{"0":{"start":{"line":1,"column":25},"end":{"line":1,"column":45}},"1":{"start":{"line":2,"column":15},"end":{"line":2,"column":35}},"2":{"start":{"line":4,"column":0},"end":{"line":43,"column":2}},"3":{"start":{"line":5,"column":4},"end":{"line":42,"column":5}},"4":{"start":{"line":6,"column":47},"end":{"line":6,"column":56}},"5":{"start":{"line":7,"column":23},"end":{"line":7,"column":41}},"6":{"start":{"line":9,"column":28},"end":{"line":9,"column":30}},"7":{"start":{"line":10,"column":8},"end":{"line":20,"column":9}},"8":{"start":{"line":11,"column":30},"end":{"line":11,"column":44}},"9":{"start":{"line":12,"column":12},"end":{"line":12,"column":43}},"10":{"start":{"line":14,"column":28},"end":{"line":14,"column":42}},"11":{"start":{"line":15,"column":12},"end":{"line":15,"column":46}},"12":{"start":{"line":17,"column":12},"end":{"line":19,"column":14}},"13":{"start":{"line":22,"column":32},"end":{"line":32,"column":10}},"14":{"start":{"line":34,"column":8},"end":{"line":39,"column":11}},"15":{"start":{"line":41,"column":8},"end":{"line":41,"column":20}},"16":{"start":{"line":45,"column":0},"end":{"line":68,"column":2}},"17":{"start":{"line":46,"column":4},"end":{"line":67,"column":5}},"18":{"start":{"line":47,"column":63},"end":{"line":47,"column":71}},"19":{"start":{"line":49,"column":8},"end":{"line":51,"column":9}},"20":{"start":{"line":50,"column":12},"end":{"line":50,"column":82}},"21":{"start":{"line":53,"column":26},"end":{"line":59,"column":10}},"22":{"start":{"line":61,"column":8},"end":{"line":64,"column":11}},"23":{"start":{"line":66,"column":8},"end":{"line":66,"column":20}},"24":{"start":{"line":70,"column":0},"end":{"line":84,"column":2}},"25":{"start":{"line":71,"column":4},"end":{"line":83,"column":5}},"26":{"start":{"line":72,"column":23},"end":{"line":72,"column":33}},"27":{"start":{"line":73,"column":23},"end":{"line":73,"column":48}},"28":{"start":{"line":75,"column":8},"end":{"line":77,"column":9}},"29":{"start":{"line":76,"column":12},"end":{"line":76,"column":80}},"30":{"start":{"line":79,"column":8},"end":{"line":79,"column":31}},"31":{"start":{"line":80,"column":8},"end":{"line":80,"column":60}},"32":{"start":{"line":82,"column":8},"end":{"line":82,"column":20}}},"fnMap":{"0":{"name":"(anonymous_0)","decl":{"start":{"line":4,"column":24},"end":{"line":4,"column":25}},"loc":{"start":{"line":4,"column":50},"end":{"line":43,"column":1}},"line":4},"1":{"name":"(anonymous_1)","decl":{"start":{"line":45,"column":23},"end":{"line":45,"column":24}},"loc":{"start":{"line":45,"column":49},"end":{"line":68,"column":1}},"line":45},"2":{"name":"(anonymous_2)","decl":{"start":{"line":70,"column":23},"end":{"line":70,"column":24}},"loc":{"start":{"line":70,"column":49},"end":{"line":84,"column":1}},"line":70}},"branchMap":{"0":{"loc":{"start":{"line":6,"column":16},"end":{"line":6,"column":24}},"type":"default-arg","locations":[{"start":{"line":6,"column":23},"end":{"line":6,"column":24}}],"line":6},"1":{"loc":{"start":{"line":6,"column":26},"end":{"line":6,"column":36}},"type":"default-arg","locations":[{"start":{"line":6,"col
[...]
,"column":27}},"2":{"start":{"line":5,"column":0},"end":{"line":38,"column":2}},"3":{"start":{"line":7,"column":4},"end":{"line":36,"column":5}},"4":{"start":{"line":9,"column":27},"end":{"line":9,"column":52}},"5":{"start":{"line":11,"column":8},"end":{"line":17,"column":9}},"6":{"start":{"line":13,"column":12},"end":{"line":15,"column":15}},"7":{"start":{"line":19,"column":22},"end":{"line":19,"column":46}},"8":{"start":{"line":21,"column":24},"end":{"line":24,"column":9}},"9":{"start":{"line":26,"column":8},"end":{"line":26,"column":27}},"10":{"start":{"line":28,"column":8},"end":{"line":28,"column":15}},"11":{"start":{"line":32,"column":8},"end":{"line":34,"column":11}},"12":{"start":{"line":40,"column":0},"end":{"line":60,"column":2}},"13":{"start":{"line":41,"column":4},"end":{"line":59,"column":5}},"14":{"start":{"line":42,"column":27},"end":{"line":42,"column":52}},"15":{"start":{"line":43,"column":8},"end":{"line":46,"column":9}},"16":{"start":{"line":44,"column":12},"end":{"line":44,"column":28}},"17":{"start":{"line":45,"column":12},"end":{"line":45,"column":26}},"18":{"start":{"line":48,"column":22},"end":{"line":48,"column":46}},"19":{"start":{"line":49,"column":24},"end":{"line":52,"column":9}},"20":{"start":{"line":53,"column":8},"end":{"line":53,"column":27}},"21":{"start":{"line":54,"column":8},"end":{"line":54,"column":15}},"22":{"start":{"line":57,"column":8},"end":{"line":57,"column":24}},"23":{"start":{"line":58,"column":8},"end":{"line":58,"column":15}},"24":{"start":{"line":62,"column":0},"end":{"line":70,"column":2}},"25":{"start":{"line":63,"column":4},"end":{"line":69,"column":5}},"26":{"start":{"line":64,"column":8},"end":{"line":64,"column":15}},"27":{"start":{"line":66,"column":8},"end":{"line":68,"column":11}},"28":{"start":{"line":72,"column":0},"end":{"line":81,"column":2}},"29":{"start":{"line":73,"column":17},"end":{"line":73,"column":46}},"30":{"start":{"line":74,"column":4},"end":{"line":80,"column":5}},"31":{"start":{"line":75,"column":8},"end":{"line":75,"column":15}},"32":{"start":{"line":77,"column":8},"end":{"line":79,"column":11}}},"fnMap":{"0":{"name":"(anonymous_0)","decl":{"start":{"line":5,"column":22},"end":{"line":5,"column":23}},"loc":{"start":{"line":5,"column":42},"end":{"line":38,"column":1}},"line":5},"1":{"name":"(anonymous_1)","decl":{"start":{"line":40,"column":30},"end":{"line":40,"column":31}},"loc":{"start":{"line":40,"column":50},"end":{"line":60,"column":1}},"line":40},"2":{"name":"(anonymous_2)","decl":{"start":{"line":62,"column":18},"end":{"line":62,"column":19}},"loc":{"start":{"line":62,"column":38},"end":{"line":70,"column":1}},"line":62},"3":{"name":"(anonymous_3)","decl":{"start":{"line":72,"column":25},"end":{"line":72,"column":26}},"loc":{"start":{"line":72,"column":45},"end":{"line":81,"column":1}},"line":72}},"branchMap":{"0":{"loc":{"start":{"line":11,"column":8},"end":{"line":17,"column":9}},"type":"if","locations":[{"start":{"line":11,"column":8},"end":{"line":17,"column":9}},{"start":{},"end":{}}],"line":11},"1":{"loc":{"start":{"line":23,"column":12},"end":{"line":23,"column":50}},"type":"binary-expr","locations":[{"start":{"line":23,"column":12},"end":{"line":23,"column":34}},{"start":{"line":23,"column":38},"end":{"line":23,"column":50}}],"line":23},"2":{"loc":{"start":{"line":43,"column":8},"end":{"line":46,"column":9}},"type":"if","locations":[{"start":{"line":43,"column":8},"end":{"line":46,"column":9}},{"start":{},"end":{}}],"line":43},"3":{"loc":{"start":{"line":51,"column":12},"end":{"line":51,"column":50}},"type":"binary-expr","locations":[{"start":{"line":51,"column":12},"end":{"line":51,"column":34}},{"start":{"line":51,"column":38},"end":{"line":51,"column":50}}],"line":51},"4":{"loc":{"start":{"line":63,"column":4},"end":{"line":69,"column":5}},"type":"if","locations":[{"start":{"line":63,"column":4},"end":{"line":69,"column":5}},{"start":{"line":65,"column":11},"end":{"line":69,"column":5}}],"line":63},"5":{"loc":{"start":{"line":63,"column":8},"end":{"line":63,"column":76}},"type":"binary-expr","locations":[{"start":{"line":63,"column":8},"end":{"line":63,"column":16}},{"start":{"line":63,"column":20},"end":{"line":63,"column":33}},{"start":{"line":63,"column":37},"end":{"line":63,"column":76}}],"line":63},"6":{"loc":{"start":{"line":74,"column":4},"end":{"line":80,"column":5}},"type":"if","locations":[{"start":{"line":74,"column":4},"end":{"line":80,"column":5}},{"start":{"line":76,"column":11},"end":{"line":80,"column":5}}],"line":74},"7":{"loc":{"start":{"line":74,"column":8},"end":{"line":74,"column":44}},"type":"binary-expr","locations":[{"start":{"line":74,"column":8},"end":{"line":74,"column":24}},{"start":{"line":74,"column":28},"end":{"line":74,"column":44}}],"line":74}},"s":{"0":2,"1":2,"2":2,"3":29,"4":29,"5":29,"6":0,"7":29,"8":29,"9":29,"10":29,"11":0,"12":2,"13":0,"14":0,"15":0,"16":0,"17":0,"18":0,"19":0,"20":0,"21":0,"22":0,"23":0,"24":2,"25":11,"26":11,"27":0,"28":2,"29":11,"30":11,"31":11,"32":0},"f":{"0":29,"1":0,"2":11,"3":11},"b":{"0":[0,29],"1":[29,0],"2":[0,0],"3":[0,0],"4":[11,0],"5":[11,11,11],"6":[11,0],"7":[11,2]},"_coverageSchema":"1a1c01bbd47fc00a2c39e90264f33305004495a9","hash":"0dd29abcb772e9b10d615ee5c811ac9d12100476"}
,"C:\\Users\\fptsh\\OneDrive\\Máy tính\\KCPM\\KCPM-2026\\backend\\src\\routes\\authRoutes.js": {"path":"C:\\Users\\fptsh\\OneDrive\\Máy tính\\KCPM\\KCPM-2026\\backend\\src\\routes\\authRoutes.js","statementMap":{"0":{"start":{"line":1,"column":16},"end":{"line":1,"column":34}},"1":{"start":{"line":2,"column":15},"end":{"line":2,"column":31}},"2":{"start":{"line":3,"column":23},"end":{"line":3,"column":63}},"3":{"start":{"line":5,"column":0},"end":{"line":5,"column":50}},"4":{"start":{"line":6,"column":0},"end":{"line":6,"column":44}},"5":{"start":{"line":7,"column":0},"end":{"line":7,"column":70}},"6":{"start":{"line":7,"column":34},"end":{"line":7,"column":68}},"7":{"start":{"line":9,"column":0},"end":{"line":9,"column":24}}},"fnMap":{"0":{"name":"(anonymous_0)","decl":{"start":{"line":7,"column":20},"end":{"line":7,"column":21}},"loc":{"start":{"line":7,"column":34},"end":{"line":7,"column":68}},"line":7}},"branchMap":{},"s":{"0":2,"1":2,"2":2,"3":2,"4":2,"5":2,"6":0,"7":2},"f":{"0":0},"b":{},"_coverageSchema":"1a1c01bbd47fc00a2c39e90264f33305004495a9","hash":"3a9edb9c88369f9fa3c031360906bcdf2c972f1b"}
,"C:\\Users\\fptsh\\OneDrive\\Máy tính\\KCPM\\KCPM-2026\\backend\\src\\routes\\categoryRoutes.js": {"path":"C:\\Users\\fptsh\\OneDrive\\Máy tính\\KCPM\\KCPM-2026\\backend\\src\\routes\\categoryRoutes.js","statementMap":{"0":{"start":{"line":1,"column":16},"end":{"line":1,"column":34}},"1":{"start":{"line":2,"column":15},"end":{"line":2,"column":31}},"2":{"start":{"line":3,"column":27},"end":{"line":3,"column":71}},"3":{"start":{"line":4,"column":33},"end":{"line":4,"column":73}},"4":{"start":{"line":6,"column":0},"end":{"line":6,"column":53}},"5":{"start":{"line":7,"column":0},"end":{"line":7,"column":55}},"6":{"start":{"line":8,"column":0},"end":{"line":8,"column":74}},"7":{"start":{"line":9,"column":0},"end":{"line":9,"column":76}},"8":{"start":{"line":10,"column":0},"end":{"line":10,"column":79}},"9":{"start":{"line":12,"column":0},"end":{"line":12,"column":24}}},"fnMap":{},"branchMap":{},"s":{"0":2,"1":2,"2":2,"3":2,"4":2,"5":2,"6":2,"7":2,"8":2,"9":2},"f":{},"b":{},"_coverageSchema":"1a1c01bbd47fc00a2c39e90264f33305004495a9","hash":"028933ab2e05c35b9e1fb123600450f37f9b70ef"}
,"C:\\Users\\fptsh\\OneDrive\\Máy tính\\KCPM\\KCPM-2026\\backend\\src\\routes\\orderRoutes.js": {"path":"C:\\Users\\fptsh\\OneDrive\\Máy tính\\KCPM\\KCPM-2026\\backend\\src\\routes\\orderRoutes.js","statementMap":{"0":{"start":{"line":1,"column":16},"end":{"line":1,"column":34}},"1":{"start":{"line":2,"column":15},"end":{"line":2,"column":31}},"2":{"start":{"line":3,"column":24},"end":{"line":3,"column":65}},"3":{"start":{"line":4,"column":45},"end":{"line":4,"column":85}},"4":{"start":{"line":6,"column":0},"end":{"line":6,"column":67}},"5":{"start":{"line":8,"column":0},"end":{"line":8,"column":46}},"6":{"start":{"line":9,"column":0},"end":{"line":9,"column":67}},"7":{"start":{"line":10,"column":0},"end":{"line":10,"column":49}},"8":{"start":{"line":11,"column":0},"end":{"line":11,"column":61}},"9":{"start":{"line":12,"column":0},"end":{"line":12,"column":51}},"10":{"start":{"line":14,"column":0},"end":{"line":14,"column":70}},"11":{"start":{"line":15,"column":0},"end":{"line":15,"column":75}},"12":{"start":{"line":16,"column":0},"end":{"line":16,"column":49}},"13":{"start":{"line":18,"column":0},"end":{"line":18,"column":24}}},"fnMap":{},"branchMap":{},"s":{"0":2,"1":2,"2":2,"3":2,"4":2,"5":2,"6":2,"7":2,"8":2,"9":2,"10":2,"11":2,"12":2,"13":2},"f":{},"b":{},"_coverageSchema":"1a1c01bbd47fc00a2c39e90264f33305004495a9","hash":"7d62eae032fb8995274a44f30087fc0272d85207"}
,"C:\\Users\\fptsh\\OneDrive\\Máy tính\\KCPM\\KCPM-2026\\backend\\src\\routes\\payosRoutes.js": {"path":"C:\\Users\\fptsh\\OneDrive\\Máy tính\\KCPM\\KCPM-2026\\backend\\src\\routes\\payosRoutes.js","statementMap":{"0":{"start":{"line":1,"column":16},"end":{"line":1,"column":34}},"1":{"start":{"line":2,"column":15},"end":{"line":2,"column":31}},"2":{"start":{"line":3,"column":24},"end":{"line":3,"column":65}},"3":{"start":{"line":6,"column":0},"end":{"line":6,"column":49}},"4":{"start":{"line":9,"column":0},"end":{"line":9,"column":71}},"5":{"start":{"line":12,"column":0},"end":{"line":12,"column":71}},"6":{"start":{"line":15,"column":0},"end":{"line":15,"column":54}},"7":{"start":{"line":19,"column":0},"end":{"line":19,"column":63}},"8":{"start":{"line":20,"column":0},"end":{"line":20,"column":61}},"9":{"start":{"line":22,"column":0},"end":{"line":22,"column":24}}},"fnMap":{},"branchMap":{},"s":{"0":2,"1":2,"2":2,"3":2,"4":2,"5":2,"6":2,"7":2,"8":2,"9":2},"f":{},"b":{},"_coverageSchema":"1a1c01bbd47fc00a2c39e90264f33305004495a9","hash":"88221528adc15dc2c562d8b00d6afa217046ed63"}
,"C:\\Users\\fptsh\\OneDrive\\Máy tính\\KCPM\\KCPM-2026\\backend\\src\\routes\\pointRoutes.js": {"path":"C:\\Users\\fptsh\\OneDrive\\Máy tính\\KCPM\\KCPM-2026\\backend\\src\\routes\\pointRoutes.js","statementMap":{"0":{"start":{"line":1,"column":16},"end":{"line":1,"column":34}},"1":{"start":{"line":2,"column":15},"end":{"line":2,"column":31}},"2":{"start":{"line":3,"column":24},"end":{"line":3,"column":65}},"3":{"start":{"line":4,"column":40},"end":{"line":4,"column":80}},"4":{"start":{"line":7,"column":0},"end":{"line":7,"column":92}},"5":{"start":{"line":9,"column":0},"end":{"line":9,"column":24}}},"fnMap":{},"branchMap":{},"s":{"0":2,"1":2,"2":2,"3":2,"4":2,"5":2},"f":{},"b":{},"_coverageSchema":"1a1c01bbd47fc00a2c39e90264f33305004495a9","hash":"d86786327369642e481ba14018dea2fcede463c8"}
,"C:\\Users\\fptsh\\OneDrive\\Máy tính\\KCPM\\KCPM-2026\\backend\\src\\routes\\productRoutes.js": {"path":"C:\\Users\\fptsh\\OneDrive\\Máy tính\\KCPM\\KCPM-2026\\backend\\src\\routes\\productRoutes.js","statementMap":{"0":{"start":{"line":1,"column":16},"end":{"line":1,"column":34}},"1":{"start":{"line":2,"column":15},"end":{"line":2,"column":31}},"2":{"start":{"line":3,"column":26},"end":{"line":3,"column":69}},"3":{"start":{"line":4,"column":33},"end":{"line":4,"column":73}},"4":{"start":{"line":6,"column":0},"end":{"line":6,"column":50}},"5":{"start":{"line":7,"column":0},"end":{"line":7,"column":53}},"6":{"start":{"line":8,"column":0},"end":{"line":8,"column":72}},"7":{"start":{"line":9,"column":0},"end":{"line":9,"column":74}},"8":{"start":{"line":10,"column":0},"end":{"line":10,"column":77}},"9":{"start":{"line":12,"column":0},"end":{"line":12,"column":24}}},"fnMap":{},"branchMap":{},"s":{"0":2,"1":2,"2":2,"3":2,"4":2,"5":2,"6":2,"7":2,"8":2,"9":2},"f":{},"b":{},"_coverageSchema":"1a1c01bbd47fc00a2c39e90264f33305004495a9","hash":"8955eea249e5c6ea2eafa9a8679200f32fa721ac"}
,"C:\\Users\\fptsh\\OneDrive\\Máy tính\\KCPM\\KCPM-2026\\backend\\src\\routes\\reservationRoutes.js": {"path":"C:\\Users\\fptsh\\OneDrive\\Máy tính\\KCPM\\KCPM-2026\\backend\\src\\routes\\reservationRoutes.js","statementMap":{"0":{"start":{"line":1,"column":16},"end":{"line":1,"column":34}},"1":{"start":{"line":2,"column":15},"end":{"line":2,"column":31}},"2":{"start":{"line":3,"column":30},"end":{"line":3,"column":77}},"3":{"start":{"line":4,"column":24},"end":{"line":4,"column":64}},"4":{"start":{"line":6,"column":0},"end":{"line":6,"column":85}},"5":{"start":{"line":8,"column":0},"end":{"line":8,"column":58}},"6":{"start":{"line":9,"column":0},"end":{"line":9,"column":58}},"7":{"start":{"line":10,"column":0},"end":{"line":10,"column":69}},"8":{"start":{"line":11,"column":0},"end":{"line":11,"column":73}},"9":{"start":{"line":12,"column":0},"end":{"line":12,"column":59}},"10":{"start":{"line":13,"column":0},"end":{"line":13,"column":67}},"11":{"start":{"line":15,"column":0},"end":{"line":15,"column":24}}},"fnMap":{},"branchMap":{},"s":{"0":2,"1":2,"2":2,"3":2,"4":2,"5":2,"6":2,"7":2,"8":2,"9":2,"10":2,"11":2},"f":{},"b":{},"_coverageSchema":"1a1c01bbd47fc00a2c39e90264f33305004495a9","hash":"dff12f2c686982866e9d76f77bcd3fde8dc1857d"}
,"C:\\Users\\fptsh\\OneDrive\\Máy tính\\KCPM\\KCPM-2026\\backend\\src\\routes\\reviewRoutes.js": {"path":"C:\\Users\\fptsh\\OneDrive\\Máy tính\\KCPM\\KCPM-2026\\backend\\src\\routes\\reviewRoutes.js","statementMap":{"0":{"start":{"line":1,"column":16},"end":{"line":1,"column":34}},"1":{"start":{"line":2,"column":15},"end":{"line":2,"column":31}},"2":{"start":{"line":3,"column":25},"end":{"line":3,"column":67}},"3":{"start":{"line":6,"column":0},"end":{"line":6,"column":48}},"4":{"start":{"line":9,"column":0},"end":{"line":9,"column":48}},"5":{"start":{"line":12,"column":0},"end":{"line":12,"column":53}},"6":{"start":{"line":14,"column":0},"end":{"line":14,"column":24}}},"fnMap":{},"branchMap":{},"s":{"0":2,"1":2,"2":2,"3":2,"4":2,"5":2,"6":2},"f":{},"b":{},"_coverageSchema":"1a1c01bbd47fc00a2c39e90264f33305004495a9","hash":"cdfdf9cd5ad7310f4c4f3df44955f6906e5b5e91"}
,"C:\\Users\\fptsh\\OneDrive\\Máy tính\\KCPM\\KCPM-2026\\backend\\src\\routes\\statRoutes.js": {"path":"C:\\Users\\fptsh\\OneDrive\\Máy tính\\KCPM\\KCPM-2026\\backend\\src\\routes\\statRoutes.js","statementMap":{"0":{"start":{"line":1,"column":16},"end":{"line":1,"column":34}},"1":{"start":{"line":2,"column":15},"end":{"line":2,"column":31}},"2":{"start":{"line":3,"column":23},"end":{"line":3,"column":63}},"3":{"start":{"line":4,"column":33},"end":{"line":4,"column":73}},"4":{"start":{"line":6,"column":0},"end":{"line":6,"column":63}},"5":{"start":{"line":8,"column":0},"end":{"line":8,"column":24}}},"fnMap":{},"branchMap":{},"s":{"0":2,"1":2,"2":2,"3":2,"4":2,"5":2},"f":{},"b":{},"_coverageSchema":"1a1c01bbd47fc00a2c39e90264f33305004495a9","hash":"cf136265f326f239677ce0119112c20dd0c9bbc2"}
,"C:\\Users\\fptsh\\OneDrive\\Máy tính\\KCPM\\KCPM-2026\\backend\\src\\routes\\tableRoutes.js": {"path":"C:\\Users\\fptsh\\OneDrive\\Máy tính\\KCPM\\KCPM-2026\\backend\\src\\routes\\tableRoutes.js","statementMap":{"0":{"start":{"line":1,"column":16},"end":{"line":1,"column":34}},"1":{"start":{"line":2,"column":15},"end":{"line":2,"column":31}},"2":{"start":{"line":3,"column":24},"end":{"line":3,"column":65}},"3":{"start":{"line":5,"column":0},"end":{"line":5,"column":46}},"4":{"start":{"line":6,"column":0},"end":{"line":6,"column":46}},"5":{"start":{"line":7,"column":0},"end":{"line":7,"column":48}},"6":{"start":{"line":8,"column":0},"end":{"line":8,"column":51}},"7":{"start":{"line":9,"column":0},"end":{"line":9,"column":60}},"8":{"start":{"line":10,"column":0},"end":{"line":10,"column":55}},"9":{"start":{"line":11,"column":0},"end":{"line":11,"column":61}},"10":{"start":{"line":13,"column":0},"end":{"line":13,"column":24}}},"fnMap":{},"branchMap":{},"s":{"0":2,"1":2,"2":2,"3":2,"4":2,"5":2,"6":2,"7":2,"8":2,"9":2,"10":2},"f":{},"b":{},"_coverageSchema":"1a1c01bbd47fc00a2c39e90264f33305004495a9","hash":"15d12acaf42104871a47dc9dd1b64c2f3eecc9eb"}
,"C:\\Users\\fptsh\\OneDrive\\Máy tính\\KCPM\\KCPM-2026\\backend\\src\\routes\\uploadRoutes.js": {"path":"C:\\Users\\fptsh\\OneDrive\\Máy tính\\KCPM\\KCPM-2026\\backend\\src\\routes\\uploadRoutes.js","statementMap":{"0":{"start":{"line":1,"column":16},"end":{"line":1,"column":34}},"1":{"start":{"line":2,"column":15},"end":{"line":2,"column":31}},"2":{"start":{"line":3,"column":15},"end":{"line":3,"column":32}},"3":{"start":{"line":4,"column":13},"end":{"line":4,"column":28}},"4":{"start":{"line":5,"column":11},"end":{"line":5,"column":24}},"5":{"start":{"line":6,"column":33},"end":{"line":6,"column":73}},"6":{"start":{"line":9,"column":18},"end":{"line":9,"column":28}},"7":{"start":{"line":10,"column":0},"end":{"line":12,"column":1}},"8":{"start":{"line":11,"column":4},"end":{"line":11,"column":49}},"9":{"start":{"line":15,"column":16},"end":{"line":23,"column":2}},"10":{"start":{"line":17,"column":8},"end":{"line":17,"column":28}},"11":{"start":{"line":20,"column":29},"end":{"line":20,"column":79}},"12":{"start":{"line":21,"column":8},"end":{"line":21,"column":88}},"13":{"start":{"line":25,"column":15},"end":{"line":25,"column":43}},"14":{"start":{"line":28,"column":0},"end":{"line":36,"column":3}},"15":{"start":{"line":29,"column":4},"end":{"line":31,"column":5}},"16":{"start":{"line":30,"column":8},"end":{"line":30,"column":69}},"17":{"start":{"line":34,"column":21},"end":{"line":34,"column":52}},"18":{"start":{"line":35,"column":4},"end":{"line":35,"column":37}},"19":{"start":{"line":38,"column":0},"end":{"line":38,"column":24}}},"fnMap":{"0":{"name":"(anonymous_0)","decl":{"start":{"line":16,"column":17},"end":{"line":16,"column":18}},"loc":{"start":{"line":16,"column":36},"end":{"line":18,"column":5}},"line":16},"1":{"name":"(anonymous_1)","decl":{"start":{"line":19,"column":14},"end":{"line":19,"column":15}},"loc":{"start":{"line":19,"column":33},"end":{"line":22,"column":5}},"line":19},"2":{"name":"(anonymous_2)","decl":{"start":{"line":28,"column":68},"end":{"line":28,"column":69}},"loc":{"start":{"line":28,"column":82},"end":{"line":36,"column":1}},"line":28}},"branchMap":{"0":{"loc":{"start":{"line":10,"column":0},"end":{"line":12,"column":1}},"type":"if","locations":[{"start":{"line":10,"column":0},"end":{"line":12,"column":1}},{"start":{},"end":{}}],"line":10},"1":{"loc":{"start":{"line":29,"column":4},"end":{"line":31,"column":5}},"type":"if","locations":[{"start":{"line":29,"column":4},"end":{"line":31,"column":5}},{"start":{},"end":{}}],"line":29}},"s":{"0":2,"1":2,"2":2,"3":2,"4":2,"5":2,"6":2,"7":2,"8":0,"9":2,"10":0,"11":0,"12":0,"13":2,"14":2,"15":0,"16":0,"17":0,"18":0,"19":2},"f":{"0":0,"1":0,"2":0},"b":{"0":[0,2],"1":[0,0]},"_coverageSchema":"1a1c01bbd47fc00a2c39e90264f33305004495a9","hash":"1e2c5147089d196a85eba62797dc1cb82f8bd56b"}
,"C:\\Users\\fptsh\\OneDrive\\Máy tính\\KCPM\\KCPM-2026\\backend\\src\\routes\\userRoutes.js": {"path":"C:\\Users\\fptsh\\OneDrive\\Máy tính\\KCPM\\KCPM-2026\\backend\\src\\routes\\userRoutes.js","statementMap":{"0":{"start":{"line":1,"column":16},"end":{"line":1,"column":34}},"1":{"start":{"line":2,"column":15},"end":{"line":2,"column":31}},"2":{"start":{"line":3,"column":23},"end":{"line":3,"column":63}},"3":{"start":{"line":4,"column":49},"end":{"line":4,"column":89}},"4":{"start":{"line":7,"column":0},"end":{"line":7,"column":73}},"5":{"start":{"line":10,"column":0},"end":{"line":10,"column":67}},"6":{"start":{"line":13,"column":0},"end":{"line":13,"column":66}},"7":{"start":{"line":16,"column":0},"end":{"line":16,"column":69}},"8":{"start":{"line":19,"column":0},"end":{"line":19,"column":66}},"9":{"start":{"line":22,"column":0},"end":{"line":22,"column":75}},"10":{"start":{"line":25,"column":0},"end":{"line":25,"column":71}},"11":{"start":{"line":27,"column":0},"end":{"line":27,"column":24}}},"fnMap":{},"branchMap":{},"s":{"0":2,"1":2,"2":2,"3":2,"4":2,"5":2,"6":2,"7":2,"8":2,"9":2,"10":2,"11":2},"f":{},"b":{},"_coverageSchema":"1a1c01bbd47fc00a2c39e90264f33305004495a9","hash":"65c4125c1154088908ca3006d4cb1540275ec361"}
}
