TN:
SF:src\app.js
FN:22,(anonymous_0)
FN:23,(anonymous_1)
FN:33,(anonymous_2)
FN:38,(anonymous_3)
FN:39,(anonymous_4)
FN:42,(anonymous_5)
FN:79,(anonymous_6)
FN:80,(anonymous_7)
FN:83,(anonymous_8)
FN:87,(anonymous_9)
FN:92,(anonymous_10)
FNF:11
FNH:0
FNDA:0,(anonymous_0)
FNDA:0,(anonymous_1)
FNDA:0,(anonymous_2)
FNDA:0,(anonymous_3)
FNDA:0,(anonymous_4)
FNDA:0,(anonymous_5)
FNDA:0,(anonymous_6)
FNDA:0,(anonymous_7)
FNDA:0,(anonymous_8)
FNDA:0,(anonymous_9)
FNDA:0,(anonymous_10)
DA:1,2
DA:2,2
DA:3,2
DA:4,2
DA:5,2
DA:6,2
DA:8,2
DA:10,2
DA:12,2
DA:13,2
DA:14,2
DA:15,2
DA:18,2
DA:19,2
DA:22,2
DA:23,2
DA:24,0
DA:28,2
DA:33,2
DA:34,0
DA:35,0
DA:38,2
DA:39,2
DA:40,0
DA:42,2
DA:43,0
DA:47,2
DA:48,2
DA:49,2
DA:52,2
DA:53,2
DA:54,2
DA:55,2
DA:56,2
DA:57,2
DA:58,2
DA:59,2
DA:60,2
DA:61,2
DA:62,2
DA:63,2
DA:65,2
DA:66,2
DA:67,2
DA:68,2
DA:69,2
DA:70,2
DA:71,2
DA:72,2
DA:73,2
DA:74,2
DA:75,2
DA:76,2
DA:79,2
DA:80,2
DA:83,2
DA:84,0
DA:87,2
DA:88,0
DA:92,2
DA:93,0
DA:94,0
DA:101,2
LF:63
LH:54
BRDA:93,0,0,0
BRDA:93,0,1,0
BRF:2
BRH:0
end_of_record
TN:
SF:src\controllers\authController.js
FN:7,(anonymous_0)
FN:53,(anonymous_1)
FNF:2
FNH:2
FNDA:4,(anonymous_0)
FNDA:7,(anonymous_1)
DA:1,2
DA:2,2
DA:3,2
DA:4,2
DA:5,2
DA:7,2
DA:8,4
DA:9,4
DA:11,4
DA:17,3
DA:18,2
DA:21,2
DA:24,1
DA:25,1
DA:27,1
DA:35,1
DA:46,1
DA:53,2
DA:54,7
DA:55,7
DA:57,7
DA:58,2
DA:61,5
DA:71,4
DA:72,1
DA:75,3
DA:76,3
DA:77,1
DA:80,2
DA:86,2
DA:99,1
LF:31
LH:31
BRDA:17,0,0,2
BRDA:17,0,1,1
BRDA:18,1,0,1
BRDA:18,1,1,1
BRDA:57,2,0,2
BRDA:57,2,1,5
BRDA:57,3,0,7
BRDA:57,3,1,6
BRDA:71,4,0,1
BRDA:71,4,1,3
BRDA:76,5,0,1
BRDA:76,5,1,2
BRDA:82,6,0,2
BRDA:82,6,1,1
BRF:14
BRH:14
end_of_record
TN:
SF:src\controllers\categoryController.js
FN:4,(anonymous_0)
FN:28,(anonymous_1)
FN:42,(anonymous_2)
FN:53,(anonymous_3)
FN:62,(anonymous_4)
FN:75,(anonymous_5)
FNF:6
FNH:0
FNDA:0,(anonymous_0)
FNDA:0,(anonymous_1)
FNDA:0,(anonymous_2)
FNDA:0,(anonymous_3)
FNDA:0,(anonymous_4)
FNDA:0,(anonymous_5)
DA:1,2
DA:2,2
DA:4,2
DA:5,0
DA:6,0
DA:7,0
DA:9,0
DA:10,0
DA:18,0
DA:28,0
DA:29,0
DA:30,0
DA:31,0
DA:32,0
DA:35,0
DA:37,0
DA:38,0
DA:42,2
DA:43,0
DA:44,0
DA:45,0
DA:46,0
DA:48,0
DA:49,0
DA:53,2
DA:54,0
DA:55,0
DA:56,0
DA:58,0
DA:62,2
DA:63,0
DA:64,0
DA:67,0
DA:68,0
DA:69,0
DA:71,0
DA:75,2
DA:76,0
DA:77,0
DA:80,0
DA:81,0
DA:83,0
DA:84,0
LF:43
LH:7
BRDA:9,0,0,0
BRDA:9,0,1,0
BRDA:30,1,0,0
BRDA:30,1,1,0
BRDA:45,2,0,0
BRDA:45,2,1,0
BRDA:67,3,0,0
BRDA:67,3,1,0
BRDA:80,4,0,0
BRDA:80,4,1,0
BRF:10
BRH:0
end_of_record
TN:
SF:src\controllers\orderController.js
FN:3,(anonymous_0)
FN:69,(anonymous_1)
FN:102,(anonymous_2)
FN:129,(anonymous_3)
FN:154,(anonymous_4)
FN:172,(anonymous_5)
FN:188,(anonymous_6)
FN:218,(anonymous_7)
FN:236,(anonymous_8)
FN:240,(anonymous_9)
FN:244,(anonymous_10)
FN:281,(anonymous_11)
FN:335,(anonymous_12)
FNF:13
FNH:0
FNDA:0,(anonymous_0)
FNDA:0,(anonymous_1)
FNDA:0,(anonymous_2)
FNDA:0,(anonymous_3)
FNDA:0,(anonymous_4)
FNDA:0,(anonymous_5)
FNDA:0,(anonymous_6)
FNDA:0,(anonymous_7)
FNDA:0,(anonymous_8)
FNDA:0,(anonymous_9)
FNDA:0,(anonymous_10)
FNDA:0,(anonymous_11)
FNDA:0,(anonymous_12)
DA:1,2
DA:3,2
DA:4,0
DA:5,0
DA:6,0
DA:8,0
DA:10,0
DA:12,0
DA:13,0
DA:16,0
DA:17,0
DA:19,0
DA:20,0
DA:21,0
DA:22,0
DA:24,0
DA:25,0
DA:27,0
DA:37,0
DA:38,0
DA:40,0
DA:41,0
DA:42,0
DA:44,0
DA:45,0
DA:47,0
DA:48,0
DA:49,0
DA:50,0
DA:51,0
DA:55,0
DA:56,0
DA:58,0
DA:69,0
DA:73,0
DA:75,0
DA:76,0
DA:82,0
DA:84,0
DA:90,0
DA:96,0
DA:97,0
DA:98,0
DA:102,2
DA:103,0
DA:104,0
DA:105,0
DA:106,0
DA:107,0
DA:109,0
DA:122,0
DA:124,0
DA:125,0
DA:129,2
DA:130,0
DA:131,0
DA:132,0
DA:144,0
DA:145,0
DA:147,0
DA:149,0
DA:150,0
DA:154,2
DA:155,0
DA:156,0
DA:157,0
DA:159,0
DA:160,0
DA:161,0
DA:164,0
DA:165,0
DA:167,0
DA:168,0
DA:172,2
DA:173,0
DA:174,0
DA:175,0
DA:176,0
DA:177,0
DA:180,0
DA:181,0
DA:183,0
DA:184,0
DA:188,2
DA:189,0
DA:190,0
DA:192,0
DA:207,0
DA:208,0
DA:211,0
DA:213,0
DA:214,0
DA:218,2
DA:219,0
DA:220,0
DA:221,0
DA:222,0
DA:224,0
DA:231,0
DA:232,0
DA:236,0
DA:237,0
DA:238,0
DA:240,0
DA:244,0
DA:246,0
DA:255,0
DA:261,0
DA:272,0
DA:273,0
DA:275,0
DA:276,0
DA:277,0
DA:281,2
DA:282,0
DA:283,0
DA:284,0
DA:285,0
DA:287,0
DA:289,0
DA:290,0
DA:293,0
DA:294,0
DA:297,0
DA:298,0
DA:301,0
DA:307,0
DA:308,0
DA:314,0
DA:326,0
DA:327,0
DA:329,0
DA:330,0
DA:331,0
DA:335,2
DA:336,0
DA:337,0
DA:338,0
DA:350,0
DA:352,0
DA:353,0
LF:141
LH:10
BRDA:8,0,0,0
BRDA:8,0,1,0
BRDA:8,1,0,0
BRDA:8,1,1,0
BRDA:12,2,0,0
BRDA:12,2,1,0
BRDA:12,3,0,0
BRDA:12,3,1,0
BRDA:21,4,0,0
BRDA:21,4,1,0
BRDA:32,5,0,0
BRDA:32,5,1,0
BRDA:38,6,0,0
BRDA:38,6,1,0
BRDA:40,7,0,0
BRDA:40,7,1,0
BRDA:40,8,0,0
BRDA:40,8,1,0
BRDA:42,9,0,0
BRDA:42,9,1,0
BRDA:44,10,0,0
BRDA:44,10,1,0
BRDA:44,11,0,0
BRDA:44,11,1,0
BRDA:50,12,0,0
BRDA:50,12,1,0
BRDA:50,13,0,0
BRDA:50,13,1,0
BRDA:60,14,0,0
BRDA:60,14,1,0
BRDA:75,15,0,0
BRDA:75,15,1,0
BRDA:106,16,0,0
BRDA:106,16,1,0
BRDA:107,17,0,0
BRDA:107,17,1,0
BRDA:144,18,0,0
BRDA:144,18,1,0
BRDA:160,19,0,0
BRDA:160,19,1,0
BRDA:176,20,0,0
BRDA:176,20,1,0
BRDA:207,21,0,0
BRDA:207,21,1,0
BRDA:207,22,0,0
BRDA:207,22,1,0
BRDA:231,23,0,0
BRDA:231,23,1,0
BRDA:237,24,0,0
BRDA:237,24,1,0
BRDA:249,25,0,0
BRDA:249,25,1,0
BRDA:275,26,0,0
BRDA:275,26,1,0
BRDA:289,27,0,0
BRDA:289,27,1,0
BRDA:293,28,0,0
BRDA:293,28,1,0
BRDA:297,29,0,0
BRDA:297,29,1,0
BRDA:304,30,0,0
BRDA:304,30,1,0
BRDA:307,31,0,0
BRDA:307,31,1,0
BRDA:329,32,0,0
BRDA:329,32,1,0
BRF:66
BRH:0
end_of_record
TN:
SF:src\controllers\payosController.js
FN:20,(anonymous_0)
FN:34,(anonymous_1)
FN:86,(anonymous_2)
FN:135,(anonymous_3)
FN:166,(anonymous_4)
FN:173,(anonymous_5)
FN:177,(anonymous_6)
FNF:7
FNH:0
FNDA:0,(anonymous_0)
FNDA:0,(anonymous_1)
FNDA:0,(anonymous_2)
FNDA:0,(anonymous_3)
FNDA:0,(anonymous_4)
FNDA:0,(anonymous_5)
FNDA:0,(anonymous_6)
DA:1,2
DA:2,2
DA:3,2
DA:5,2
DA:7,2
DA:8,2
DA:9,2
DA:10,2
DA:16,0
DA:20,2
DA:21,0
DA:22,0
DA:23,0
DA:24,0
DA:25,0
DA:27,0
DA:29,0
DA:32,0
DA:34,0
DA:35,0
DA:37,0
DA:38,0
DA:40,0
DA:41,0
DA:43,0
DA:44,0
DA:45,0
DA:47,0
DA:50,0
DA:51,0
DA:53,0
DA:62,0
DA:63,0
DA:65,0
DA:69,0
DA:70,0
DA:71,0
DA:72,0
DA:75,0
DA:78,0
DA:79,0
DA:86,2
DA:87,0
DA:88,0
DA:89,0
DA:90,0
DA:93,0
DA:94,0
DA:98,0
DA:99,0
DA:101,0
DA:105,0
DA:106,0
DA:108,0
DA:111,0
DA:114,0
DA:115,0
DA:121,0
DA:122,0
DA:124,0
DA:127,0
DA:130,0
DA:131,0
DA:135,2
DA:136,0
DA:137,0
DA:138,0
DA:140,0
DA:141,0
DA:143,0
DA:147,0
DA:148,0
DA:154,0
DA:155,0
DA:157,0
DA:160,0
DA:162,0
DA:166,2
DA:167,0
DA:173,2
DA:174,0
DA:177,2
DA:178,0
LF:83
LH:14
BRDA:5,0,0,2
BRDA:5,0,1,2
BRDA:5,1,0,0
BRDA:5,1,1,2
BRDA:8,2,0,2
BRDA:8,2,1,0
BRDA:8,3,0,2
BRDA:8,3,1,2
BRDA:8,3,2,2
BRDA:8,3,3,2
BRDA:27,4,0,0
BRDA:27,4,1,0
BRDA:32,5,0,0
BRDA:32,5,1,0
BRDA:38,6,0,0
BRDA:38,6,1,0
BRDA:41,7,0,0
BRDA:41,7,1,0
BRDA:62,8,0,0
BRDA:62,8,1,0
BRDA:62,9,0,0
BRDA:62,9,1,0
BRDA:70,10,0,0
BRDA:70,10,1,0
BRDA:90,11,0,0
BRDA:90,11,1,0
BRDA:93,12,0,0
BRDA:93,12,1,0
BRDA:99,13,0,0
BRDA:99,13,1,0
BRDA:105,14,0,0
BRDA:105,14,1,0
BRDA:105,15,0,0
BRDA:105,15,1,0
BRDA:114,16,0,0
BRDA:114,16,1,0
BRDA:121,17,0,0
BRDA:121,17,1,0
BRDA:140,18,0,0
BRDA:140,18,1,0
BRDA:147,19,0,0
BRDA:147,19,1,0
BRDA:147,20,0,0
BRDA:147,20,1,0
BRDA:154,21,0,0
BRDA:154,21,1,0
BRDA:169,22,0,0
BRDA:169,22,1,0
BRF:48
BRH:8
end_of_record
TN:
SF:src\controllers\pointController.js
FN:3,(anonymous_0)
FNF:1
FNH:0
FNDA:0,(anonymous_0)
DA:1,2
DA:3,2
DA:4,0
DA:5,0
DA:6,0
DA:8,0
DA:9,0
DA:12,0
DA:13,0
DA:14,0
DA:17,0
DA:18,0
DA:19,0
DA:22,0
DA:23,0
DA:26,0
DA:27,0
DA:30,0
DA:31,0
DA:33,0
DA:34,0
DA:36,0
DA:38,0
DA:45,0
DA:46,0
DA:47,0
LF:26
LH:2
BRDA:8,0,0,0
BRDA:8,0,1,0
BRDA:8,1,0,0
BRDA:8,1,1,0
BRDA:13,2,0,0
BRDA:13,2,1,0
BRDA:18,3,0,0
BRDA:18,3,1,0
BRDA:22,4,0,0
BRDA:22,4,1,0
BRDA:22,5,0,0
BRDA:22,5,1,0
BRDA:26,6,0,0
BRDA:26,6,1,0
BRF:14
BRH:0
end_of_record
TN:
SF:src\controllers\productController.js
FN:7,(anonymous_0)
FN:24,(anonymous_1)
FN:36,(anonymous_2)
FN:45,(anonymous_3)
FN:60,(anonymous_4)
FNF:5
FNH:0
FNDA:0,(anonymous_0)
FNDA:0,(anonymous_1)
FNDA:0,(anonymous_2)
FNDA:0,(anonymous_3)
FNDA:0,(anonymous_4)
DA:1,2
DA:2,2
DA:3,2
DA:4,2
DA:7,2
DA:8,0
DA:9,0
DA:10,0
DA:11,0
DA:12,0
DA:14,0
DA:15,0
DA:17,0
DA:18,0
DA:20,0
DA:24,2
DA:25,0
DA:26,0
DA:27,0
DA:28,0
DA:30,0
DA:32,0
DA:36,2
DA:37,0
DA:38,0
DA:39,0
DA:41,0
DA:45,2
DA:46,0
DA:47,0
DA:50,0
DA:51,0
DA:53,0
DA:54,0
DA:56,0
DA:60,2
DA:61,0
DA:62,0
DA:65,0
DA:66,0
DA:68,0
DA:70,0
LF:42
LH:9
BRDA:11,0,0,0
BRDA:11,0,1,0
BRDA:14,1,0,0
BRDA:14,1,1,0
BRDA:27,2,0,0
BRDA:27,2,1,0
BRDA:50,3,0,0
BRDA:50,3,1,0
BRDA:65,4,0,0
BRDA:65,4,1,0
BRF:10
BRH:0
end_of_record
TN:
SF:src\controllers\reservationController.js
FN:4,(anonymous_0)
FN:32,(anonymous_1)
FN:77,(anonymous_2)
FN:122,(anonymous_3)
FN:147,(anonymous_4)
FN:172,(anonymous_5)
FN:191,(anonymous_6)
FN:205,(anonymous_7)
FNF:8
FNH:0
FNDA:0,(anonymous_0)
FNDA:0,(anonymous_1)
FNDA:0,(anonymous_2)
FNDA:0,(anonymous_3)
FNDA:0,(anonymous_4)
FNDA:0,(anonymous_5)
FNDA:0,(anonymous_6)
FNDA:0,(anonymous_7)
DA:1,2
DA:2,2
DA:4,2
DA:5,0
DA:6,0
DA:7,0
DA:9,0
DA:10,0
DA:11,0
DA:13,0
DA:32,0
DA:34,0
DA:44,0
DA:45,0
DA:46,0
DA:51,0
DA:62,0
DA:63,0
DA:71,0
DA:72,0
DA:73,0
DA:77,2
DA:78,0
DA:79,0
DA:80,0
DA:81,0
DA:83,0
DA:84,0
DA:85,0
DA:88,0
DA:89,0
DA:90,0
DA:91,0
DA:95,0
DA:96,0
DA:97,0
DA:99,0
DA:100,0
DA:101,0
DA:106,0
DA:107,0
DA:109,0
DA:114,0
DA:115,0
DA:117,0
DA:118,0
DA:122,2
DA:123,0
DA:124,0
DA:125,0
DA:127,0
DA:128,0
DA:131,0
DA:132,0
DA:133,0
DA:138,0
DA:139,0
DA:141,0
DA:143,0
DA:147,2
DA:148,0
DA:149,0
DA:150,0
DA:152,0
DA:153,0
DA:156,0
DA:157,0
DA:158,0
DA:163,0
DA:164,0
DA:166,0
DA:168,0
DA:172,2
DA:173,0
DA:174,0
DA:175,0
DA:176,0
DA:178,0
DA:179,0
DA:182,0
DA:183,0
DA:185,0
DA:187,0
DA:191,2
DA:192,0
DA:193,0
DA:194,0
DA:199,0
DA:201,0
DA:205,2
DA:206,0
DA:207,0
DA:211,0
DA:213,0
LF:94
LH:9
BRDA:37,0,0,0
BRDA:37,0,1,0
BRDA:44,1,0,0
BRDA:44,1,1,0
BRDA:53,2,0,0
BRDA:53,2,1,0
BRDA:83,3,0,0
BRDA:83,3,1,0
BRDA:88,4,0,0
BRDA:88,4,1,0
BRDA:89,5,0,0
BRDA:89,5,1,0
BRDA:89,6,0,0
BRDA:89,6,1,0
BRDA:99,7,0,0
BRDA:99,7,1,0
BRDA:99,8,0,0
BRDA:99,8,1,0
BRDA:127,9,0,0
BRDA:127,9,1,0
BRDA:131,10,0,0
BRDA:131,10,1,0
BRDA:132,11,0,0
BRDA:132,11,1,0
BRDA:132,12,0,0
BRDA:132,12,1,0
BRDA:152,13,0,0
BRDA:152,13,1,0
BRDA:156,14,0,0
BRDA:156,14,1,0
BRDA:157,15,0,0
BRDA:157,15,1,0
BRDA:178,16,0,0
BRDA:178,16,1,0
BRF:34
BRH:0
end_of_record
TN:
SF:src\controllers\reviewController.js
FN:4,(anonymous_0)
FN:45,(anonymous_1)
FN:70,(anonymous_2)
FNF:3
FNH:0
FNDA:0,(anonymous_0)
FNDA:0,(anonymous_1)
FNDA:0,(anonymous_2)
DA:1,2
DA:2,2
DA:4,2
DA:5,0
DA:6,0
DA:7,0
DA:9,0
DA:10,0
DA:11,0
DA:12,0
DA:14,0
DA:15,0
DA:17,0
DA:22,0
DA:34,0
DA:41,0
DA:45,2
DA:46,0
DA:47,0
DA:49,0
DA:50,0
DA:53,0
DA:61,0
DA:66,0
DA:70,2
DA:71,0
DA:72,0
DA:73,0
DA:75,0
DA:76,0
DA:79,0
DA:80,0
DA:82,0
LF:33
LH:5
BRDA:6,0,0,0
BRDA:6,1,0,0
BRDA:10,2,0,0
BRDA:10,2,1,0
BRDA:49,3,0,0
BRDA:49,3,1,0
BRDA:49,4,0,0
BRDA:49,4,1,0
BRDA:49,4,2,0
BRDA:75,5,0,0
BRDA:75,5,1,0
BRF:11
BRH:0
end_of_record
TN:
SF:src\controllers\statController.js
FN:5,(anonymous_0)
FNF:1
FNH:0
FNDA:0,(anonymous_0)
DA:1,2
DA:2,2
DA:3,2
DA:5,2
DA:6,0
DA:7,0
DA:10,0
DA:12,0
DA:13,0
DA:14,0
DA:15,0
DA:16,0
DA:17,0
DA:18,0
DA:19,0
DA:20,0
DA:23,0
DA:37,0
DA:46,0
DA:47,0
LF:20
LH:4
BRDA:7,0,0,0
BRDA:10,1,0,0
BRDA:10,1,1,0
BRDA:12,2,0,0
BRDA:12,2,1,0
BRDA:15,3,0,0
BRDA:15,3,1,0
BRDA:18,4,0,0
BRDA:18,4,1,0
BRDA:41,5,0,0
BRDA:41,5,1,0
BRDA:42,6,0,0
BRDA:42,6,1,0
BRF:13
BRH:0
end_of_record
TN:
SF:src\controllers\tableController.js
FN:4,(anonymous_0)
FN:12,(anonymous_1)
FN:94,(anonymous_2)
FN:117,(anonymous_3)
FN:164,(anonymous_4)
FN:205,(anonymous_5)
FN:240,(anonymous_6)
FN:276,(anonymous_7)
FNF:8
FNH:0
FNDA:0,(anonymous_0)
FNDA:0,(anonymous_1)
FNDA:0,(anonymous_2)
FNDA:0,(anonymous_3)
FNDA:0,(anonymous_4)
FNDA:0,(anonymous_5)
FNDA:0,(anonymous_6)
FNDA:0,(anonymous_7)
DA:1,2
DA:2,2
DA:4,2
DA:5,0
DA:6,0
DA:9,0
DA:10,0
DA:12,0
DA:13,0
DA:16,0
DA:24,0
DA:25,0
DA:26,0
DA:27,0
DA:28,0
DA:29,0
DA:34,0
DA:35,0
DA:43,0
DA:44,0
DA:45,0
DA:46,0
DA:47,0
DA:48,0
DA:51,0
DA:55,0
DA:66,0
DA:67,0
DA:68,0
DA:69,0
DA:70,0
DA:72,0
DA:73,0
DA:78,0
DA:79,0
DA:80,0
DA:81,0
DA:84,0
DA:87,0
DA:89,0
DA:90,0
DA:94,2
DA:95,0
DA:96,0
DA:97,0
DA:100,0
DA:101,0
DA:102,0
DA:105,0
DA:111,0
DA:113,0
DA:117,2
DA:118,0
DA:119,0
DA:120,0
DA:122,0
DA:123,0
DA:124,0
DA:131,0
DA:132,0
DA:135,0
DA:136,0
DA:144,0
DA:145,0
DA:151,0
DA:158,0
DA:160,0
DA:164,2
DA:165,0
DA:166,0
DA:167,0
DA:169,0
DA:170,0
DA:171,0
DA:178,0
DA:179,0
DA:182,0
DA:183,0
DA:191,0
DA:192,0
DA:198,0
DA:199,0
DA:201,0
DA:205,2
DA:206,0
DA:207,0
DA:208,0
DA:210,0
DA:211,0
DA:218,0
DA:219,0
DA:222,0
DA:229,0
DA:230,0
DA:233,0
DA:234,0
DA:236,0
DA:240,2
DA:241,0
DA:242,0
DA:243,0
DA:244,0
DA:245,0
DA:247,0
DA:253,0
DA:254,0
DA:255,0
DA:256,0
DA:257,0
DA:260,0
DA:266,0
DA:267,0
DA:270,0
DA:272,0
DA:276,2
DA:277,0
DA:278,0
DA:280,0
DA:281,0
DA:284,0
DA:288,0
DA:293,0
DA:294,0
LF:123
LH:9
BRDA:24,0,0,0
BRDA:24,0,1,0
BRDA:25,1,0,0
BRDA:25,1,1,0
BRDA:29,2,0,0
BRDA:29,2,1,0
BRDA:34,3,0,0
BRDA:34,3,1,0
BRDA:34,4,0,0
BRDA:34,4,1,0
BRDA:43,5,0,0
BRDA:43,5,1,0
BRDA:44,6,0,0
BRDA:44,6,1,0
BRDA:48,7,0,0
BRDA:48,7,1,0
BRDA:66,8,0,0
BRDA:66,8,1,0
BRDA:68,9,0,0
BRDA:68,9,1,0
BRDA:72,10,0,0
BRDA:72,10,1,0
BRDA:78,11,0,0
BRDA:78,11,1,0
BRDA:80,12,0,0
BRDA:80,12,1,0
BRDA:97,13,0,0
BRDA:97,13,1,0
BRDA:101,14,0,0
BRDA:101,14,1,0
BRDA:107,15,0,0
BRDA:107,15,1,0
BRDA:108,16,0,0
BRDA:108,16,1,0
BRDA:109,17,0,0
BRDA:109,17,1,0
BRDA:123,18,0,0
BRDA:123,18,1,0
BRDA:131,19,0,0
BRDA:131,19,1,0
BRDA:135,20,0,0
BRDA:135,20,1,0
BRDA:144,21,0,0
BRDA:144,21,1,0
BRDA:152,22,0,0
BRDA:152,22,1,0
BRDA:153,23,0,0
BRDA:153,23,1,0
BRDA:154,24,0,0
BRDA:154,24,1,0
BRDA:155,25,0,0
BRDA:155,25,1,0
BRDA:170,26,0,0
BRDA:170,26,1,0
BRDA:178,27,0,0
BRDA:178,27,1,0
BRDA:182,28,0,0
BRDA:182,28,1,0
BRDA:191,29,0,0
BRDA:191,29,1,0
BRDA:210,30,0,0
BRDA:210,30,1,0
BRDA:218,31,0,0
BRDA:218,31,1,0
BRDA:229,32,0,0
BRDA:229,32,1,0
BRDA:243,33,0,0
BRDA:243,33,1,0
BRDA:245,34,0,0
BRDA:245,34,1,0
BRDA:253,35,0,0
BRDA:253,35,1,0
BRDA:253,36,0,0
BRDA:253,36,1,0
BRDA:266,37,0,0
BRDA:266,37,1,0
BRDA:280,38,0,0
BRDA:280,38,1,0
BRF:78
BRH:0
end_of_record
TN:
SF:src\controllers\userController.js
FN:5,(anonymous_0)
FN:35,(anonymous_1)
FN:51,(anonymous_2)
FN:68,(anonymous_3)
FN:91,(anonymous_4)
FN:130,(anonymous_5)
FN:179,(anonymous_6)
FNF:7
FNH:7
FNDA:4,(anonymous_0)
FNDA:3,(anonymous_1)
FNDA:3,(anonymous_2)
FNDA:4,(anonymous_3)
FNDA:4,(anonymous_4)
FNDA:8,(anonymous_5)
FNDA:5,(anonymous_6)
DA:1,2
DA:2,2
DA:3,2
DA:5,2
DA:6,4
DA:7,4
DA:8,4
DA:10,4
DA:11,1
DA:21,4
DA:22,4
DA:24,4
DA:29,3
DA:31,1
DA:35,2
DA:36,3
DA:37,3
DA:41,2
DA:42,1
DA:45,1
DA:47,1
DA:51,2
DA:52,3
DA:53,3
DA:54,3
DA:58,2
DA:59,1
DA:62,1
DA:64,1
DA:68,2
DA:69,4
DA:70,4
DA:71,4
DA:72,4
DA:74,3
DA:75,1
DA:78,2
DA:85,2
DA:87,1
DA:91,2
DA:92,4
DA:93,4
DA:95,4
DA:101,3
DA:102,1
DA:105,2
DA:106,2
DA:108,2
DA:117,2
DA:126,1
DA:130,2
DA:131,8
DA:132,8
DA:133,8
DA:134,8
DA:136,8
DA:138,7
DA:139,1
DA:143,6
DA:144,1
DA:148,5
DA:150,5
DA:151,2
DA:152,2
DA:153,2
DA:154,2
DA:155,2
DA:156,2
DA:157,2
DA:158,2
DA:161,3
DA:162,3
DA:163,3
DA:164,3
DA:167,5
DA:169,5
DA:173,5
DA:175,1
DA:179,2
DA:180,5
DA:181,5
DA:182,5
DA:185,5
DA:186,1
DA:189,4
DA:191,3
DA:192,1
DA:195,2
DA:196,2
DA:198,1
DA:202,2
LF:91
LH:91
BRDA:10,0,0,1
BRDA:10,0,1,3
BRDA:21,1,0,1
BRDA:21,1,1,3
BRDA:22,2,0,1
BRDA:22,2,1,3
BRDA:41,3,0,1
BRDA:41,3,1,1
BRDA:58,4,0,1
BRDA:58,4,1,1
BRDA:74,5,0,1
BRDA:74,5,1,2
BRDA:79,6,0,2
BRDA:79,6,1,1
BRDA:80,7,0,2
BRDA:80,7,1,1
BRDA:81,8,0,2
BRDA:81,8,1,1
BRDA:82,9,0,2
BRDA:82,9,1,1
BRDA:101,10,0,1
BRDA:101,10,1,2
BRDA:114,11,0,2
BRDA:114,11,1,1
BRDA:133,12,0,7
BRDA:133,12,1,1
BRDA:134,13,0,7
BRDA:134,13,1,1
BRDA:138,14,0,1
BRDA:138,14,1,6
BRDA:143,15,0,1
BRDA:143,15,1,5
BRDA:143,16,0,6
BRDA:143,16,1,5
BRDA:143,16,2,1
BRDA:150,17,0,2
BRDA:150,17,1,3
BRDA:151,18,0,1
BRDA:151,18,1,1
BRDA:152,19,0,1
BRDA:152,19,1,1
BRDA:153,20,0,1
BRDA:153,20,1,1
BRDA:154,21,0,1
BRDA:154,21,1,1
BRDA:155,22,0,1
BRDA:155,22,1,1
BRDA:156,23,0,1
BRDA:156,23,1,1
BRDA:157,24,0,1
BRDA:157,24,1,1
BRDA:158,25,0,1
BRDA:158,25,1,1
BRDA:161,26,0,2
BRDA:161,26,1,1
BRDA:162,27,0,2
BRDA:162,27,1,1
BRDA:163,28,0,1
BRDA:163,28,1,2
BRDA:164,29,0,1
BRDA:164,29,1,2
BRDA:182,30,0,4
BRDA:182,30,1,1
BRDA:185,31,0,1
BRDA:185,31,1,4
BRDA:185,32,0,5
BRDA:185,32,1,4
BRDA:191,33,0,1
BRDA:191,33,1,2
BRF:69
BRH:69
end_of_record
TN:
SF:src\docs\swagger.js
FNF:0
FNH:0
DA:1,2
DA:3,2
DA:5,2
DA:7,2
DA:638,2
LF:5
LH:5
BRDA:5,0,0,2
BRDA:5,0,1,2
BRDA:5,1,0,2
BRDA:5,1,1,0
BRF:4
BRH:3
end_of_record
TN:
SF:src\middlewares\authMiddleware.js
FN:5,(anonymous_0)
FN:40,(anonymous_1)
FN:62,(anonymous_2)
FN:72,(anonymous_3)
FNF:4
FNH:3
FNDA:29,(anonymous_0)
FNDA:0,(anonymous_1)
FNDA:11,(anonymous_2)
FNDA:11,(anonymous_3)
DA:1,2
DA:3,2
DA:5,2
DA:7,29
DA:9,29
DA:11,29
DA:13,0
DA:19,29
DA:21,29
DA:26,29
DA:28,29
DA:32,0
DA:40,2
DA:41,0
DA:42,0
DA:43,0
DA:44,0
DA:45,0
DA:48,0
DA:49,0
DA:53,0
DA:54,0
DA:57,0
DA:58,0
DA:62,2
DA:63,11
DA:64,11
DA:66,0
DA:72,2
DA:73,11
DA:74,11
DA:75,11
DA:77,0
LF:33
LH:18
BRDA:11,0,0,0
BRDA:11,0,1,29
BRDA:23,1,0,29
BRDA:23,1,1,0
BRDA:43,2,0,0
BRDA:43,2,1,0
BRDA:51,3,0,0
BRDA:51,3,1,0
BRDA:63,4,0,11
BRDA:63,4,1,0
BRDA:63,5,0,11
BRDA:63,5,1,11
BRDA:63,5,2,11
BRDA:74,6,0,11
BRDA:74,6,1,0
BRDA:74,7,0,11
BRDA:74,7,1,2
BRF:17
BRH:9
end_of_record
TN:
SF:src\routes\authRoutes.js
FN:7,(anonymous_0)
FNF:1
FNH:0
FNDA:0,(anonymous_0)
DA:1,2
DA:2,2
DA:3,2
DA:5,2
DA:6,2
DA:7,2
DA:9,2
LF:7
LH:7
BRF:0
BRH:0
end_of_record
TN:
SF:src\routes\categoryRoutes.js
FNF:0
FNH:0
DA:1,2
DA:2,2
DA:3,2
DA:4,2
DA:6,2
DA:7,2
DA:8,2
DA:9,2
DA:10,2
DA:12,2
LF:10
LH:10
BRF:0
BRH:0
end_of_record
TN:
SF:src\routes\orderRoutes.js
FNF:0
FNH:0
DA:1,2
DA:2,2
DA:3,2
DA:4,2
DA:6,2
DA:8,2
DA:9,2
DA:10,2
DA:11,2
DA:12,2
DA:14,2
DA:15,2
DA:16,2
DA:18,2
LF:14
LH:14
BRF:0
BRH:0
end_of_record
TN:
SF:src\routes\payosRoutes.js
FNF:0
FNH:0
DA:1,2
DA:2,2
DA:3,2
DA:6,2
DA:9,2
DA:12,2
DA:15,2
DA:19,2
DA:20,2
DA:22,2
LF:10
LH:10
BRF:0
BRH:0
end_of_record
TN:
SF:src\routes\pointRoutes.js
FNF:0
FNH:0
DA:1,2
DA:2,2
DA:3,2
DA:4,2
DA:7,2
DA:9,2
LF:6
LH:6
BRF:0
BRH:0
end_of_record
TN:
SF:src\routes\productRoutes.js
FNF:0
FNH:0
DA:1,2
DA:2,2
DA:3,2
DA:4,2
DA:6,2
DA:7,2
DA:8,2
DA:9,2
DA:10,2
DA:12,2
LF:10
LH:10
BRF:0
BRH:0
end_of_record
TN:
SF:src\routes\reservationRoutes.js
FNF:0
FNH:0
DA:1,2
DA:2,2
DA:3,2
DA:4,2
DA:6,2
DA:8,2
DA:9,2
DA:10,2
DA:11,2
DA:12,2
DA:13,2
DA:15,2
LF:12
LH:12
BRF:0
BRH:0
end_of_record
TN:
SF:src\routes\reviewRoutes.js
FNF:0
FNH:0
DA:1,2
DA:2,2
DA:3,2
DA:6,2
DA:9,2
DA:12,2
DA:14,2
LF:7
LH:7
BRF:0
BRH:0
end_of_record
TN:
SF:src\routes\statRoutes.js
FNF:0
FNH:0
DA:1,2
DA:2,2
DA:3,2
DA:4,2
DA:6,2
DA:8,2
LF:6
LH:6
BRF:0
BRH:0
end_of_record
TN:
SF:src\routes\tableRoutes.js
FNF:0
FNH:0
DA:1,2
DA:2,2
DA:3,2
DA:5,2
DA:6,2
DA:7,2
DA:8,2
DA:9,2
DA:10,2
DA:11,2
DA:13,2
LF:11
LH:11
BRF:0
BRH:0
end_of_record
TN:
SF:src\routes\uploadRoutes.js
FN:16,(anonymous_0)
FN:19,(anonymous_1)
FN:28,(anonymous_2)
FNF:3
FNH:0
FNDA:0,(anonymous_0)
FNDA:0,(anonymous_1)
FNDA:0,(anonymous_2)
DA:1,2
DA:2,2
DA:3,2
DA:4,2
DA:5,2
DA:6,2
DA:9,2
DA:10,2
DA:11,0
DA:15,2
DA:17,0
DA:20,0
DA:21,0
DA:25,2
DA:28,2
DA:29,0
DA:30,0
DA:34,0
DA:35,0
DA:38,2
LF:20
LH:12
BRDA:10,0,0,0
BRDA:10,0,1,2
BRDA:29,1,0,0
BRDA:29,1,1,0
BRF:4
BRH:1
end_of_record
TN:
SF:src\routes\userRoutes.js
FNF:0
FNH:0
DA:1,2
DA:2,2
DA:3,2
DA:4,2
DA:7,2
DA:10,2
DA:13,2
DA:16,2
DA:19,2
DA:22,2
DA:25,2
DA:27,2
LF:12
LH:12
BRF:0
BRH:0
end_of_record
