TN:
SF:src\controllers\categoryController.js
FN:4,(anonymous_0)
FN:28,(anonymous_1)
FN:42,(anonymous_2)
FN:58,(anonymous_3)
FN:81,(anonymous_4)
FN:115,(anonymous_5)
FNF:6
FNH:6
FNDA:5,(anonymous_0)
FNDA:4,(anonymous_1)
FNDA:7,(anonymous_2)
FNDA:11,(anonymous_3)
FNDA:9,(anonymous_4)
FNDA:4,(anonymous_5)
DA:1,1
DA:2,1
DA:4,1
DA:5,5
DA:6,5
DA:7,5
DA:9,5
DA:10,1
DA:18,5
DA:28,4
DA:29,4
DA:30,4
DA:31,4
DA:32,4
DA:35,4
DA:37,1
DA:38,1
DA:42,1
DA:43,7
DA:44,7
DA:45,7
DA:46,4
DA:49,3
DA:50,2
DA:51,1
DA:53,1
DA:54,1
DA:58,1
DA:59,11
DA:60,11
DA:62,11
DA:63,6
DA:66,5
DA:67,1
DA:70,4
DA:75,3
DA:77,1
DA:81,1
DA:82,9
DA:83,9
DA:84,9
DA:85,1
DA:88,8
DA:90,8
DA:91,6
DA:92,2
DA:94,4
DA:95,1
DA:99,5
DA:100,5
DA:101,5
DA:102,5
DA:104,5
DA:107,4
DA:108,3
DA:109,3
DA:111,1
DA:115,1
DA:116,4
DA:117,4
DA:118,4
DA:119,1
DA:122,3
DA:125,2
DA:126,1
DA:128,1
DA:129,1
LF:67
LH:67
BRDA:9,0,0,1
BRDA:9,0,1,4
BRDA:9,1,0,5
BRDA:9,1,1,2
BRDA:9,1,2,2
BRDA:29,2,0,3
BRDA:29,2,1,1
BRDA:30,3,0,3
BRDA:30,3,1,1
BRDA:45,4,0,4
BRDA:45,4,1,3
BRDA:45,5,0,7
BRDA:45,5,1,6
BRDA:45,5,2,4
BRDA:50,6,0,1
BRDA:50,6,1,1
BRDA:60,7,0,11
BRDA:60,7,1,1
BRDA:62,8,0,6
BRDA:62,8,1,5
BRDA:62,9,0,11
BRDA:62,9,1,9
BRDA:62,9,2,8
BRDA:62,9,3,7
BRDA:66,10,0,1
BRDA:66,10,1,4
BRDA:72,11,0,1
BRDA:72,11,1,3
BRDA:73,12,0,1
BRDA:73,12,1,3
BRDA:84,13,0,1
BRDA:84,13,1,8
BRDA:84,14,0,9
BRDA:84,14,1,9
BRDA:84,14,2,8
BRDA:88,15,0,8
BRDA:88,15,1,1
BRDA:90,16,0,6
BRDA:90,16,1,2
BRDA:91,17,0,2
BRDA:91,17,1,4
BRDA:91,18,0,6
BRDA:91,18,1,5
BRDA:91,18,2,5
BRDA:94,19,0,1
BRDA:94,19,1,3
BRDA:100,20,0,3
BRDA:100,20,1,2
BRDA:101,21,0,2
BRDA:101,21,1,3
BRDA:102,22,0,1
BRDA:102,22,1,4
BRDA:107,23,0,1
BRDA:107,23,1,3
BRDA:118,24,0,1
BRDA:118,24,1,3
BRDA:118,25,0,4
BRDA:118,25,1,4
BRDA:118,25,2,3
BRDA:125,26,0,1
BRDA:125,26,1,1
BRF:61
BRH:61
end_of_record
TN:
SF:src\controllers\productController.js
FN:5,(anonymous_0)
FN:22,(anonymous_1)
FN:39,(anonymous_2)
FN:94,(anonymous_3)
FN:164,(anonymous_4)
FNF:5
FNH:5
FNDA:6,(anonymous_0)
FNDA:7,(anonymous_1)
FNDA:21,(anonymous_2)
FNDA:18,(anonymous_3)
FNDA:4,(anonymous_4)
DA:1,1
DA:2,1
DA:3,1
DA:5,1
DA:6,6
DA:7,6
DA:8,6
DA:9,6
DA:10,2
DA:12,6
DA:13,2
DA:15,6
DA:16,5
DA:18,1
DA:22,1
DA:23,7
DA:24,7
DA:25,7
DA:26,4
DA:29,3
DA:30,2
DA:31,1
DA:33,1
DA:35,1
DA:39,1
DA:40,21
DA:41,21
DA:44,21
DA:45,4
DA:47,17
DA:48,1
DA:52,16
DA:53,2
DA:55,14
DA:56,14
DA:57,2
DA:61,12
DA:62,12
DA:63,6
DA:64,6
DA:65,4
DA:67,2
DA:71,8
DA:72,2
DA:74,6
DA:75,6
DA:76,3
DA:79,3
DA:88,2
DA:90,1
DA:94,1
DA:95,18
DA:96,18
DA:97,18
DA:98,1
DA:101,17
DA:102,17
DA:104,17
DA:105,4
DA:106,2
DA:108,2
DA:109,1
DA:111,1
DA:114,14
DA:115,6
DA:116,1
DA:118,5
DA:119,5
DA:120,2
DA:122,3
DA:125,11
DA:126,5
DA:127,1
DA:129,4
DA:130,4
DA:131,3
DA:133,1
DA:136,7
DA:137,4
DA:138,1
DA:140,3
DA:141,3
DA:142,2
DA:144,1
DA:147,4
DA:148,4
DA:149,4
DA:151,4
DA:154,3
DA:155,1
DA:157,2
DA:158,2
DA:160,1
DA:164,1
DA:165,4
DA:166,4
DA:167,4
DA:168,1
DA:171,3
DA:174,2
DA:175,1
DA:177,1
DA:179,1
LF:103
LH:103
BRDA:9,0,0,2
BRDA:9,0,1,4
BRDA:9,1,0,6
BRDA:9,1,1,2
BRDA:12,2,0,2
BRDA:12,2,1,4
BRDA:12,3,0,6
BRDA:12,3,1,3
BRDA:12,3,2,3
BRDA:25,4,0,4
BRDA:25,4,1,3
BRDA:25,5,0,7
BRDA:25,5,1,6
BRDA:25,5,2,4
BRDA:30,6,0,1
BRDA:30,6,1,1
BRDA:41,7,0,21
BRDA:41,7,1,1
BRDA:44,8,0,4
BRDA:44,8,1,17
BRDA:44,9,0,21
BRDA:44,9,1,19
BRDA:44,9,2,18
BRDA:44,9,3,18
BRDA:47,10,0,1
BRDA:47,10,1,16
BRDA:52,11,0,2
BRDA:52,11,1,14
BRDA:52,12,0,16
BRDA:52,12,1,15
BRDA:52,12,2,15
BRDA:52,12,3,15
BRDA:56,13,0,2
BRDA:56,13,1,12
BRDA:56,14,0,14
BRDA:56,14,1,13
BRDA:62,15,0,6
BRDA:62,15,1,6
BRDA:62,16,0,12
BRDA:62,16,1,6
BRDA:64,17,0,4
BRDA:64,17,1,2
BRDA:64,18,0,6
BRDA:64,18,1,5
BRDA:64,18,2,4
BRDA:64,18,3,3
BRDA:71,19,0,2
BRDA:71,19,1,6
BRDA:71,20,0,8
BRDA:71,20,1,7
BRDA:71,20,2,7
BRDA:75,21,0,3
BRDA:75,21,1,3
BRDA:75,22,0,6
BRDA:75,22,1,4
BRDA:81,23,0,1
BRDA:81,23,1,2
BRDA:83,24,0,1
BRDA:83,24,1,2
BRDA:85,25,0,1
BRDA:85,25,1,2
BRDA:97,26,0,1
BRDA:97,26,1,17
BRDA:97,27,0,18
BRDA:97,27,1,18
BRDA:97,27,2,17
BRDA:101,28,0,17
BRDA:101,28,1,1
BRDA:104,29,0,4
BRDA:104,29,1,13
BRDA:105,30,0,2
BRDA:105,30,1,2
BRDA:105,31,0,4
BRDA:105,31,1,3
BRDA:105,31,2,3
BRDA:108,32,0,1
BRDA:108,32,1,1
BRDA:114,33,0,6
BRDA:114,33,1,8
BRDA:115,34,0,1
BRDA:115,34,1,5
BRDA:115,35,0,6
BRDA:115,35,1,6
BRDA:115,35,2,6
BRDA:119,36,0,2
BRDA:119,36,1,3
BRDA:119,37,0,5
BRDA:119,37,1,4
BRDA:125,38,0,5
BRDA:125,38,1,6
BRDA:126,39,0,1
BRDA:126,39,1,4
BRDA:126,40,0,5
BRDA:126,40,1,5
BRDA:130,41,0,3
BRDA:130,41,1,1
BRDA:130,42,0,4
BRDA:130,42,1,3
BRDA:130,42,2,2
BRDA:136,43,0,4
BRDA:136,43,1,3
BRDA:137,44,0,1
BRDA:137,44,1,3
BRDA:137,45,0,4
BRDA:137,45,1,4
BRDA:141,46,0,2
BRDA:141,46,1,1
BRDA:141,47,0,3
BRDA:141,47,1,2
BRDA:147,48,0,1
BRDA:147,48,1,3
BRDA:148,49,0,1
BRDA:148,49,1,3
BRDA:149,50,0,1
BRDA:149,50,1,3
BRDA:154,51,0,1
BRDA:154,51,1,2
BRDA:167,52,0,1
BRDA:167,52,1,3
BRDA:167,53,0,4
BRDA:167,53,1,4
BRDA:167,53,2,3
BRDA:174,54,0,1
BRDA:174,54,1,1
BRF:124
BRH:124
end_of_record
TN:
SF:src\middlewares\authMiddleware.js
FN:5,(anonymous_0)
FN:40,(anonymous_1)
FN:62,(anonymous_2)
FN:72,(anonymous_3)
FNF:4
FNH:0
FNDA:0,(anonymous_0)
FNDA:0,(anonymous_1)
FNDA:0,(anonymous_2)
FNDA:0,(anonymous_3)
DA:1,0
DA:3,0
DA:5,0
DA:7,0
DA:9,0
DA:11,0
DA:13,0
DA:19,0
DA:21,0
DA:26,0
DA:28,0
DA:32,0
DA:40,0
DA:41,0
DA:42,0
DA:43,0
DA:44,0
DA:45,0
DA:48,0
DA:49,0
DA:53,0
DA:54,0
DA:57,0
DA:58,0
DA:62,0
DA:63,0
DA:64,0
DA:66,0
DA:72,0
DA:73,0
DA:74,0
DA:75,0
DA:77,0
LF:33
LH:0
BRDA:11,0,0,0
BRDA:11,0,1,0
BRDA:23,1,0,0
BRDA:23,1,1,0
BRDA:43,2,0,0
BRDA:43,2,1,0
BRDA:51,3,0,0
BRDA:51,3,1,0
BRDA:63,4,0,0
BRDA:63,4,1,0
BRDA:63,5,0,0
BRDA:63,5,1,0
BRDA:63,5,2,0
BRDA:74,6,0,0
BRDA:74,6,1,0
BRDA:74,7,0,0
BRDA:74,7,1,0
BRF:17
BRH:0
end_of_record
